The system is: Linux - 6.5.7-200.fc38.x86_64 - x86_64
Compiling the C compiler identification source file "CMakeCCompilerId.c" succeeded.
Compiler: /usr/bin/cc 
Build flags: 
Id flags:  

The output was:
0


Compilation of the C compiler identification source "CMakeCCompilerId.c" produced "a.out"

The C compiler identification is GNU, found in "/home/odyce/Epitech_Projects/R-Type/B-CPP-500-LIL-5-1-rtype-maximilien.vanstaevel/CMakeFiles/3.22.3/CompilerIdC/a.out"

Compiling the CXX compiler identification source file "CMakeCXXCompilerId.cpp" succeeded.
Compiler: /usr/bin/c++ 
Build flags: 
Id flags:  

The output was:
0


Compilation of the CXX compiler identification source "CMakeCXXCompilerId.cpp" produced "a.out"

The CXX compiler identification is GNU, found in "/home/odyce/Epitech_Projects/R-Type/B-CPP-500-LIL-5-1-rtype-maximilien.vanstaevel/CMakeFiles/3.22.3/CompilerIdCXX/a.out"

Detecting C compiler ABI info compiled with the following output:
Change Dir: /home/odyce/Epitech_Projects/R-Type/B-CPP-500-LIL-5-1-rtype-maximilien.vanstaevel/CMakeFiles/CMakeTmp

Run Build Command(s):/usr/bin/gmake -f Makefile cmTC_56fed/fast && /usr/bin/gmake  -f CMakeFiles/cmTC_56fed.dir/build.make CMakeFiles/cmTC_56fed.dir/build
gmake[1]: Entering directory '/home/odyce/Epitech_Projects/R-Type/B-CPP-500-LIL-5-1-rtype-maximilien.vanstaevel/CMakeFiles/CMakeTmp'
Building C object CMakeFiles/cmTC_56fed.dir/CMakeCCompilerABI.c.o
/usr/bin/cc   -v -o CMakeFiles/cmTC_56fed.dir/CMakeCCompilerABI.c.o -c /home/odyce/Downloads/clion-2021.3.4/bin/cmake/linux/share/cmake-3.22/Modules/CMakeCCompilerABI.c
Using built-in specs.
COLLECT_GCC=/usr/bin/cc
OFFLOAD_TARGET_NAMES=nvptx-none
OFFLOAD_TARGET_DEFAULT=1
Target: x86_64-redhat-linux
Configured with: ../configure --enable-bootstrap --enable-languages=c,c++,fortran,objc,obj-c++,ada,go,d,m2,lto --prefix=/usr --mandir=/usr/share/man --infodir=/usr/share/info --with-bugurl=http://bugzilla.redhat.com/bugzilla --enable-shared --enable-threads=posix --enable-checking=release --enable-multilib --with-system-zlib --enable-__cxa_atexit --disable-libunwind-exceptions --enable-gnu-unique-object --enable-linker-build-id --with-gcc-major-version-only --enable-libstdcxx-backtrace --with-libstdcxx-zoneinfo=/usr/share/zoneinfo --with-linker-hash-style=gnu --enable-plugin --enable-initfini-array --with-isl=/builddir/build/BUILD/gcc-13.2.1-20231011/obj-x86_64-redhat-linux/isl-install --enable-offload-targets=nvptx-none --without-cuda-driver --enable-offload-defaulted --enable-gnu-indirect-function --enable-cet --with-tune=generic --with-arch_32=i686 --build=x86_64-redhat-linux --with-build-config=bootstrap-lto --enable-link-serialization=1
Thread model: posix
Supported LTO compression algorithms: zlib zstd
gcc version 13.2.1 20231011 (Red Hat 13.2.1-4) (GCC) 
COLLECT_GCC_OPTIONS='-v' '-o' 'CMakeFiles/cmTC_56fed.dir/CMakeCCompilerABI.c.o' '-c' '-mtune=generic' '-march=x86-64' '-dumpdir' 'CMakeFiles/cmTC_56fed.dir/'
 /usr/libexec/gcc/x86_64-redhat-linux/13/cc1 -quiet -v /home/odyce/Downloads/clion-2021.3.4/bin/cmake/linux/share/cmake-3.22/Modules/CMakeCCompilerABI.c -quiet -dumpdir CMakeFiles/cmTC_56fed.dir/ -dumpbase CMakeCCompilerABI.c.c -dumpbase-ext .c -mtune=generic -march=x86-64 -version -o /tmp/ccXbrzPb.s
GNU C17 (GCC) version 13.2.1 20231011 (Red Hat 13.2.1-4) (x86_64-redhat-linux)
	compiled by GNU C version 13.2.1 20231011 (Red Hat 13.2.1-4), GMP version 6.2.1, MPFR version 4.1.1-p1, MPC version 1.3.1, isl version isl-0.24-GMP

GGC heuristics: --param ggc-min-expand=100 --param ggc-min-heapsize=131072
ignoring nonexistent directory "/usr/lib/gcc/x86_64-redhat-linux/13/include-fixed"
ignoring nonexistent directory "/usr/lib/gcc/x86_64-redhat-linux/13/../../../../x86_64-redhat-linux/include"
#include "..." search starts here:
#include <...> search starts here:
 /usr/lib/gcc/x86_64-redhat-linux/13/include
 /usr/local/include
 /usr/include
End of search list.
Compiler executable checksum: f4c8070c389e78c0c8f94f15f2286e1c
COLLECT_GCC_OPTIONS='-v' '-o' 'CMakeFiles/cmTC_56fed.dir/CMakeCCompilerABI.c.o' '-c' '-mtune=generic' '-march=x86-64' '-dumpdir' 'CMakeFiles/cmTC_56fed.dir/'
 as -v --64 -o CMakeFiles/cmTC_56fed.dir/CMakeCCompilerABI.c.o /tmp/ccXbrzPb.s
GNU assembler version 2.39 (x86_64-redhat-linux) using BFD version version 2.39-15.fc38
COMPILER_PATH=/usr/libexec/gcc/x86_64-redhat-linux/13/:/usr/libexec/gcc/x86_64-redhat-linux/13/:/usr/libexec/gcc/x86_64-redhat-linux/:/usr/lib/gcc/x86_64-redhat-linux/13/:/usr/lib/gcc/x86_64-redhat-linux/
LIBRARY_PATH=/usr/lib/gcc/x86_64-redhat-linux/13/:/usr/lib/gcc/x86_64-redhat-linux/13/../../../../lib64/:/lib/../lib64/:/usr/lib/../lib64/:/usr/lib/gcc/x86_64-redhat-linux/13/../../../:/lib/:/usr/lib/
COLLECT_GCC_OPTIONS='-v' '-o' 'CMakeFiles/cmTC_56fed.dir/CMakeCCompilerABI.c.o' '-c' '-mtune=generic' '-march=x86-64' '-dumpdir' 'CMakeFiles/cmTC_56fed.dir/CMakeCCompilerABI.c.'
Linking C executable cmTC_56fed
/home/odyce/Downloads/clion-2021.3.4/bin/cmake/linux/bin/cmake -E cmake_link_script CMakeFiles/cmTC_56fed.dir/link.txt --verbose=1
/usr/bin/cc  -v CMakeFiles/cmTC_56fed.dir/CMakeCCompilerABI.c.o -o cmTC_56fed 
Using built-in specs.
COLLECT_GCC=/usr/bin/cc
COLLECT_LTO_WRAPPER=/usr/libexec/gcc/x86_64-redhat-linux/13/lto-wrapper
OFFLOAD_TARGET_NAMES=nvptx-none
OFFLOAD_TARGET_DEFAULT=1
Target: x86_64-redhat-linux
Configured with: ../configure --enable-bootstrap --enable-languages=c,c++,fortran,objc,obj-c++,ada,go,d,m2,lto --prefix=/usr --mandir=/usr/share/man --infodir=/usr/share/info --with-bugurl=http://bugzilla.redhat.com/bugzilla --enable-shared --enable-threads=posix --enable-checking=release --enable-multilib --with-system-zlib --enable-__cxa_atexit --disable-libunwind-exceptions --enable-gnu-unique-object --enable-linker-build-id --with-gcc-major-version-only --enable-libstdcxx-backtrace --with-libstdcxx-zoneinfo=/usr/share/zoneinfo --with-linker-hash-style=gnu --enable-plugin --enable-initfini-array --with-isl=/builddir/build/BUILD/gcc-13.2.1-20231011/obj-x86_64-redhat-linux/isl-install --enable-offload-targets=nvptx-none --without-cuda-driver --enable-offload-defaulted --enable-gnu-indirect-function --enable-cet --with-tune=generic --with-arch_32=i686 --build=x86_64-redhat-linux --with-build-config=bootstrap-lto --enable-link-serialization=1
Thread model: posix
Supported LTO compression algorithms: zlib zstd
gcc version 13.2.1 20231011 (Red Hat 13.2.1-4) (GCC) 
COMPILER_PATH=/usr/libexec/gcc/x86_64-redhat-linux/13/:/usr/libexec/gcc/x86_64-redhat-linux/13/:/usr/libexec/gcc/x86_64-redhat-linux/:/usr/lib/gcc/x86_64-redhat-linux/13/:/usr/lib/gcc/x86_64-redhat-linux/
LIBRARY_PATH=/usr/lib/gcc/x86_64-redhat-linux/13/:/usr/lib/gcc/x86_64-redhat-linux/13/../../../../lib64/:/lib/../lib64/:/usr/lib/../lib64/:/usr/lib/gcc/x86_64-redhat-linux/13/../../../:/lib/:/usr/lib/
COLLECT_GCC_OPTIONS='-v' '-o' 'cmTC_56fed' '-mtune=generic' '-march=x86-64' '-dumpdir' 'cmTC_56fed.'
 /usr/libexec/gcc/x86_64-redhat-linux/13/collect2 -plugin /usr/libexec/gcc/x86_64-redhat-linux/13/liblto_plugin.so -plugin-opt=/usr/libexec/gcc/x86_64-redhat-linux/13/lto-wrapper -plugin-opt=-fresolution=/tmp/cc51cAoB.res -plugin-opt=-pass-through=-lgcc -plugin-opt=-pass-through=-lgcc_s -plugin-opt=-pass-through=-lc -plugin-opt=-pass-through=-lgcc -plugin-opt=-pass-through=-lgcc_s --build-id --no-add-needed --eh-frame-hdr --hash-style=gnu -m elf_x86_64 -dynamic-linker /lib64/ld-linux-x86-64.so.2 -o cmTC_56fed /usr/lib/gcc/x86_64-redhat-linux/13/../../../../lib64/crt1.o /usr/lib/gcc/x86_64-redhat-linux/13/../../../../lib64/crti.o /usr/lib/gcc/x86_64-redhat-linux/13/crtbegin.o -L/usr/lib/gcc/x86_64-redhat-linux/13 -L/usr/lib/gcc/x86_64-redhat-linux/13/../../../../lib64 -L/lib/../lib64 -L/usr/lib/../lib64 -L/usr/lib/gcc/x86_64-redhat-linux/13/../../.. CMakeFiles/cmTC_56fed.dir/CMakeCCompilerABI.c.o -lgcc --push-state --as-needed -lgcc_s --pop-state -lc -lgcc --push-state --as-needed -lgcc_s --pop-state /usr/lib/gcc/x86_64-redhat-linux/13/crtend.o /usr/lib/gcc/x86_64-redhat-linux/13/../../../../lib64/crtn.o
COLLECT_GCC_OPTIONS='-v' '-o' 'cmTC_56fed' '-mtune=generic' '-march=x86-64' '-dumpdir' 'cmTC_56fed.'
gmake[1]: Leaving directory '/home/odyce/Epitech_Projects/R-Type/B-CPP-500-LIL-5-1-rtype-maximilien.vanstaevel/CMakeFiles/CMakeTmp'



Parsed C implicit include dir info from above output: rv=done
  found start of include info
  found start of implicit include info
    add: [/usr/lib/gcc/x86_64-redhat-linux/13/include]
    add: [/usr/local/include]
    add: [/usr/include]
  end of search list found
  collapse include dir [/usr/lib/gcc/x86_64-redhat-linux/13/include] ==> [/usr/lib/gcc/x86_64-redhat-linux/13/include]
  collapse include dir [/usr/local/include] ==> [/usr/local/include]
  collapse include dir [/usr/include] ==> [/usr/include]
  implicit include dirs: [/usr/lib/gcc/x86_64-redhat-linux/13/include;/usr/local/include;/usr/include]


Parsed C implicit link information from above output:
  link line regex: [^( *|.*[/\])(ld|CMAKE_LINK_STARTFILE-NOTFOUND|([^/\]+-)?ld|collect2)[^/\]*( |$)]
  ignore line: [Change Dir: /home/odyce/Epitech_Projects/R-Type/B-CPP-500-LIL-5-1-rtype-maximilien.vanstaevel/CMakeFiles/CMakeTmp]
  ignore line: []
  ignore line: [Run Build Command(s):/usr/bin/gmake -f Makefile cmTC_56fed/fast && /usr/bin/gmake  -f CMakeFiles/cmTC_56fed.dir/build.make CMakeFiles/cmTC_56fed.dir/build]
  ignore line: [gmake[1]: Entering directory '/home/odyce/Epitech_Projects/R-Type/B-CPP-500-LIL-5-1-rtype-maximilien.vanstaevel/CMakeFiles/CMakeTmp']
  ignore line: [Building C object CMakeFiles/cmTC_56fed.dir/CMakeCCompilerABI.c.o]
  ignore line: [/usr/bin/cc   -v -o CMakeFiles/cmTC_56fed.dir/CMakeCCompilerABI.c.o -c /home/odyce/Downloads/clion-2021.3.4/bin/cmake/linux/share/cmake-3.22/Modules/CMakeCCompilerABI.c]
  ignore line: [Using built-in specs.]
  ignore line: [COLLECT_GCC=/usr/bin/cc]
  ignore line: [OFFLOAD_TARGET_NAMES=nvptx-none]
  ignore line: [OFFLOAD_TARGET_DEFAULT=1]
  ignore line: [Target: x86_64-redhat-linux]
  ignore line: [Configured with: ../configure --enable-bootstrap --enable-languages=c c++ fortran objc obj-c++ ada go d m2 lto --prefix=/usr --mandir=/usr/share/man --infodir=/usr/share/info --with-bugurl=http://bugzilla.redhat.com/bugzilla --enable-shared --enable-threads=posix --enable-checking=release --enable-multilib --with-system-zlib --enable-__cxa_atexit --disable-libunwind-exceptions --enable-gnu-unique-object --enable-linker-build-id --with-gcc-major-version-only --enable-libstdcxx-backtrace --with-libstdcxx-zoneinfo=/usr/share/zoneinfo --with-linker-hash-style=gnu --enable-plugin --enable-initfini-array --with-isl=/builddir/build/BUILD/gcc-13.2.1-20231011/obj-x86_64-redhat-linux/isl-install --enable-offload-targets=nvptx-none --without-cuda-driver --enable-offload-defaulted --enable-gnu-indirect-function --enable-cet --with-tune=generic --with-arch_32=i686 --build=x86_64-redhat-linux --with-build-config=bootstrap-lto --enable-link-serialization=1]
  ignore line: [Thread model: posix]
  ignore line: [Supported LTO compression algorithms: zlib zstd]
  ignore line: [gcc version 13.2.1 20231011 (Red Hat 13.2.1-4) (GCC) ]
  ignore line: [COLLECT_GCC_OPTIONS='-v' '-o' 'CMakeFiles/cmTC_56fed.dir/CMakeCCompilerABI.c.o' '-c' '-mtune=generic' '-march=x86-64' '-dumpdir' 'CMakeFiles/cmTC_56fed.dir/']
  ignore line: [ /usr/libexec/gcc/x86_64-redhat-linux/13/cc1 -quiet -v /home/odyce/Downloads/clion-2021.3.4/bin/cmake/linux/share/cmake-3.22/Modules/CMakeCCompilerABI.c -quiet -dumpdir CMakeFiles/cmTC_56fed.dir/ -dumpbase CMakeCCompilerABI.c.c -dumpbase-ext .c -mtune=generic -march=x86-64 -version -o /tmp/ccXbrzPb.s]
  ignore line: [GNU C17 (GCC) version 13.2.1 20231011 (Red Hat 13.2.1-4) (x86_64-redhat-linux)]
  ignore line: [	compiled by GNU C version 13.2.1 20231011 (Red Hat 13.2.1-4)  GMP version 6.2.1  MPFR version 4.1.1-p1  MPC version 1.3.1  isl version isl-0.24-GMP]
  ignore line: []
  ignore line: [GGC heuristics: --param ggc-min-expand=100 --param ggc-min-heapsize=131072]
  ignore line: [ignoring nonexistent directory "/usr/lib/gcc/x86_64-redhat-linux/13/include-fixed"]
  ignore line: [ignoring nonexistent directory "/usr/lib/gcc/x86_64-redhat-linux/13/../../../../x86_64-redhat-linux/include"]
  ignore line: [#include "..." search starts here:]
  ignore line: [#include <...> search starts here:]
  ignore line: [ /usr/lib/gcc/x86_64-redhat-linux/13/include]
  ignore line: [ /usr/local/include]
  ignore line: [ /usr/include]
  ignore line: [End of search list.]
  ignore line: [Compiler executable checksum: f4c8070c389e78c0c8f94f15f2286e1c]
  ignore line: [COLLECT_GCC_OPTIONS='-v' '-o' 'CMakeFiles/cmTC_56fed.dir/CMakeCCompilerABI.c.o' '-c' '-mtune=generic' '-march=x86-64' '-dumpdir' 'CMakeFiles/cmTC_56fed.dir/']
  ignore line: [ as -v --64 -o CMakeFiles/cmTC_56fed.dir/CMakeCCompilerABI.c.o /tmp/ccXbrzPb.s]
  ignore line: [GNU assembler version 2.39 (x86_64-redhat-linux) using BFD version version 2.39-15.fc38]
  ignore line: [COMPILER_PATH=/usr/libexec/gcc/x86_64-redhat-linux/13/:/usr/libexec/gcc/x86_64-redhat-linux/13/:/usr/libexec/gcc/x86_64-redhat-linux/:/usr/lib/gcc/x86_64-redhat-linux/13/:/usr/lib/gcc/x86_64-redhat-linux/]
  ignore line: [LIBRARY_PATH=/usr/lib/gcc/x86_64-redhat-linux/13/:/usr/lib/gcc/x86_64-redhat-linux/13/../../../../lib64/:/lib/../lib64/:/usr/lib/../lib64/:/usr/lib/gcc/x86_64-redhat-linux/13/../../../:/lib/:/usr/lib/]
  ignore line: [COLLECT_GCC_OPTIONS='-v' '-o' 'CMakeFiles/cmTC_56fed.dir/CMakeCCompilerABI.c.o' '-c' '-mtune=generic' '-march=x86-64' '-dumpdir' 'CMakeFiles/cmTC_56fed.dir/CMakeCCompilerABI.c.']
  ignore line: [Linking C executable cmTC_56fed]
  ignore line: [/home/odyce/Downloads/clion-2021.3.4/bin/cmake/linux/bin/cmake -E cmake_link_script CMakeFiles/cmTC_56fed.dir/link.txt --verbose=1]
  ignore line: [/usr/bin/cc  -v CMakeFiles/cmTC_56fed.dir/CMakeCCompilerABI.c.o -o cmTC_56fed ]
  ignore line: [Using built-in specs.]
  ignore line: [COLLECT_GCC=/usr/bin/cc]
  ignore line: [COLLECT_LTO_WRAPPER=/usr/libexec/gcc/x86_64-redhat-linux/13/lto-wrapper]
  ignore line: [OFFLOAD_TARGET_NAMES=nvptx-none]
  ignore line: [OFFLOAD_TARGET_DEFAULT=1]
  ignore line: [Target: x86_64-redhat-linux]
  ignore line: [Configured with: ../configure --enable-bootstrap --enable-languages=c c++ fortran objc obj-c++ ada go d m2 lto --prefix=/usr --mandir=/usr/share/man --infodir=/usr/share/info --with-bugurl=http://bugzilla.redhat.com/bugzilla --enable-shared --enable-threads=posix --enable-checking=release --enable-multilib --with-system-zlib --enable-__cxa_atexit --disable-libunwind-exceptions --enable-gnu-unique-object --enable-linker-build-id --with-gcc-major-version-only --enable-libstdcxx-backtrace --with-libstdcxx-zoneinfo=/usr/share/zoneinfo --with-linker-hash-style=gnu --enable-plugin --enable-initfini-array --with-isl=/builddir/build/BUILD/gcc-13.2.1-20231011/obj-x86_64-redhat-linux/isl-install --enable-offload-targets=nvptx-none --without-cuda-driver --enable-offload-defaulted --enable-gnu-indirect-function --enable-cet --with-tune=generic --with-arch_32=i686 --build=x86_64-redhat-linux --with-build-config=bootstrap-lto --enable-link-serialization=1]
  ignore line: [Thread model: posix]
  ignore line: [Supported LTO compression algorithms: zlib zstd]
  ignore line: [gcc version 13.2.1 20231011 (Red Hat 13.2.1-4) (GCC) ]
  ignore line: [COMPILER_PATH=/usr/libexec/gcc/x86_64-redhat-linux/13/:/usr/libexec/gcc/x86_64-redhat-linux/13/:/usr/libexec/gcc/x86_64-redhat-linux/:/usr/lib/gcc/x86_64-redhat-linux/13/:/usr/lib/gcc/x86_64-redhat-linux/]
  ignore line: [LIBRARY_PATH=/usr/lib/gcc/x86_64-redhat-linux/13/:/usr/lib/gcc/x86_64-redhat-linux/13/../../../../lib64/:/lib/../lib64/:/usr/lib/../lib64/:/usr/lib/gcc/x86_64-redhat-linux/13/../../../:/lib/:/usr/lib/]
  ignore line: [COLLECT_GCC_OPTIONS='-v' '-o' 'cmTC_56fed' '-mtune=generic' '-march=x86-64' '-dumpdir' 'cmTC_56fed.']
  link line: [ /usr/libexec/gcc/x86_64-redhat-linux/13/collect2 -plugin /usr/libexec/gcc/x86_64-redhat-linux/13/liblto_plugin.so -plugin-opt=/usr/libexec/gcc/x86_64-redhat-linux/13/lto-wrapper -plugin-opt=-fresolution=/tmp/cc51cAoB.res -plugin-opt=-pass-through=-lgcc -plugin-opt=-pass-through=-lgcc_s -plugin-opt=-pass-through=-lc -plugin-opt=-pass-through=-lgcc -plugin-opt=-pass-through=-lgcc_s --build-id --no-add-needed --eh-frame-hdr --hash-style=gnu -m elf_x86_64 -dynamic-linker /lib64/ld-linux-x86-64.so.2 -o cmTC_56fed /usr/lib/gcc/x86_64-redhat-linux/13/../../../../lib64/crt1.o /usr/lib/gcc/x86_64-redhat-linux/13/../../../../lib64/crti.o /usr/lib/gcc/x86_64-redhat-linux/13/crtbegin.o -L/usr/lib/gcc/x86_64-redhat-linux/13 -L/usr/lib/gcc/x86_64-redhat-linux/13/../../../../lib64 -L/lib/../lib64 -L/usr/lib/../lib64 -L/usr/lib/gcc/x86_64-redhat-linux/13/../../.. CMakeFiles/cmTC_56fed.dir/CMakeCCompilerABI.c.o -lgcc --push-state --as-needed -lgcc_s --pop-state -lc -lgcc --push-state --as-needed -lgcc_s --pop-state /usr/lib/gcc/x86_64-redhat-linux/13/crtend.o /usr/lib/gcc/x86_64-redhat-linux/13/../../../../lib64/crtn.o]
    arg [/usr/libexec/gcc/x86_64-redhat-linux/13/collect2] ==> ignore
    arg [-plugin] ==> ignore
    arg [/usr/libexec/gcc/x86_64-redhat-linux/13/liblto_plugin.so] ==> ignore
    arg [-plugin-opt=/usr/libexec/gcc/x86_64-redhat-linux/13/lto-wrapper] ==> ignore
    arg [-plugin-opt=-fresolution=/tmp/cc51cAoB.res] ==> ignore
    arg [-plugin-opt=-pass-through=-lgcc] ==> ignore
    arg [-plugin-opt=-pass-through=-lgcc_s] ==> ignore
    arg [-plugin-opt=-pass-through=-lc] ==> ignore
    arg [-plugin-opt=-pass-through=-lgcc] ==> ignore
    arg [-plugin-opt=-pass-through=-lgcc_s] ==> ignore
    arg [--build-id] ==> ignore
    arg [--no-add-needed] ==> ignore
    arg [--eh-frame-hdr] ==> ignore
    arg [--hash-style=gnu] ==> ignore
    arg [-m] ==> ignore
    arg [elf_x86_64] ==> ignore
    arg [-dynamic-linker] ==> ignore
    arg [/lib64/ld-linux-x86-64.so.2] ==> ignore
    arg [-o] ==> ignore
    arg [cmTC_56fed] ==> ignore
    arg [/usr/lib/gcc/x86_64-redhat-linux/13/../../../../lib64/crt1.o] ==> obj [/usr/lib/gcc/x86_64-redhat-linux/13/../../../../lib64/crt1.o]
    arg [/usr/lib/gcc/x86_64-redhat-linux/13/../../../../lib64/crti.o] ==> obj [/usr/lib/gcc/x86_64-redhat-linux/13/../../../../lib64/crti.o]
    arg [/usr/lib/gcc/x86_64-redhat-linux/13/crtbegin.o] ==> obj [/usr/lib/gcc/x86_64-redhat-linux/13/crtbegin.o]
    arg [-L/usr/lib/gcc/x86_64-redhat-linux/13] ==> dir [/usr/lib/gcc/x86_64-redhat-linux/13]
    arg [-L/usr/lib/gcc/x86_64-redhat-linux/13/../../../../lib64] ==> dir [/usr/lib/gcc/x86_64-redhat-linux/13/../../../../lib64]
    arg [-L/lib/../lib64] ==> dir [/lib/../lib64]
    arg [-L/usr/lib/../lib64] ==> dir [/usr/lib/../lib64]
    arg [-L/usr/lib/gcc/x86_64-redhat-linux/13/../../..] ==> dir [/usr/lib/gcc/x86_64-redhat-linux/13/../../..]
    arg [CMakeFiles/cmTC_56fed.dir/CMakeCCompilerABI.c.o] ==> ignore
    arg [-lgcc] ==> lib [gcc]
    arg [--push-state] ==> ignore
    arg [--as-needed] ==> ignore
    arg [-lgcc_s] ==> lib [gcc_s]
    arg [--pop-state] ==> ignore
    arg [-lc] ==> lib [c]
    arg [-lgcc] ==> lib [gcc]
    arg [--push-state] ==> ignore
    arg [--as-needed] ==> ignore
    arg [-lgcc_s] ==> lib [gcc_s]
    arg [--pop-state] ==> ignore
    arg [/usr/lib/gcc/x86_64-redhat-linux/13/crtend.o] ==> obj [/usr/lib/gcc/x86_64-redhat-linux/13/crtend.o]
    arg [/usr/lib/gcc/x86_64-redhat-linux/13/../../../../lib64/crtn.o] ==> obj [/usr/lib/gcc/x86_64-redhat-linux/13/../../../../lib64/crtn.o]
  collapse obj [/usr/lib/gcc/x86_64-redhat-linux/13/../../../../lib64/crt1.o] ==> [/usr/lib64/crt1.o]
  collapse obj [/usr/lib/gcc/x86_64-redhat-linux/13/../../../../lib64/crti.o] ==> [/usr/lib64/crti.o]
  collapse obj [/usr/lib/gcc/x86_64-redhat-linux/13/../../../../lib64/crtn.o] ==> [/usr/lib64/crtn.o]
  collapse library dir [/usr/lib/gcc/x86_64-redhat-linux/13] ==> [/usr/lib/gcc/x86_64-redhat-linux/13]
  collapse library dir [/usr/lib/gcc/x86_64-redhat-linux/13/../../../../lib64] ==> [/usr/lib64]
  collapse library dir [/lib/../lib64] ==> [/lib64]
  collapse library dir [/usr/lib/../lib64] ==> [/usr/lib64]
  collapse library dir [/usr/lib/gcc/x86_64-redhat-linux/13/../../..] ==> [/usr/lib]
  implicit libs: [gcc;gcc_s;c;gcc;gcc_s]
  implicit objs: [/usr/lib64/crt1.o;/usr/lib64/crti.o;/usr/lib/gcc/x86_64-redhat-linux/13/crtbegin.o;/usr/lib/gcc/x86_64-redhat-linux/13/crtend.o;/usr/lib64/crtn.o]
  implicit dirs: [/usr/lib/gcc/x86_64-redhat-linux/13;/usr/lib64;/lib64;/usr/lib]
  implicit fwks: []


Detecting CXX compiler ABI info compiled with the following output:
Change Dir: /home/odyce/Epitech_Projects/R-Type/B-CPP-500-LIL-5-1-rtype-maximilien.vanstaevel/CMakeFiles/CMakeTmp

Run Build Command(s):/usr/bin/gmake -f Makefile cmTC_c6252/fast && /usr/bin/gmake  -f CMakeFiles/cmTC_c6252.dir/build.make CMakeFiles/cmTC_c6252.dir/build
gmake[1]: Entering directory '/home/odyce/Epitech_Projects/R-Type/B-CPP-500-LIL-5-1-rtype-maximilien.vanstaevel/CMakeFiles/CMakeTmp'
Building CXX object CMakeFiles/cmTC_c6252.dir/CMakeCXXCompilerABI.cpp.o
/usr/bin/c++   -v -o CMakeFiles/cmTC_c6252.dir/CMakeCXXCompilerABI.cpp.o -c /home/odyce/Downloads/clion-2021.3.4/bin/cmake/linux/share/cmake-3.22/Modules/CMakeCXXCompilerABI.cpp
Using built-in specs.
COLLECT_GCC=/usr/bin/c++
OFFLOAD_TARGET_NAMES=nvptx-none
OFFLOAD_TARGET_DEFAULT=1
Target: x86_64-redhat-linux
Configured with: ../configure --enable-bootstrap --enable-languages=c,c++,fortran,objc,obj-c++,ada,go,d,m2,lto --prefix=/usr --mandir=/usr/share/man --infodir=/usr/share/info --with-bugurl=http://bugzilla.redhat.com/bugzilla --enable-shared --enable-threads=posix --enable-checking=release --enable-multilib --with-system-zlib --enable-__cxa_atexit --disable-libunwind-exceptions --enable-gnu-unique-object --enable-linker-build-id --with-gcc-major-version-only --enable-libstdcxx-backtrace --with-libstdcxx-zoneinfo=/usr/share/zoneinfo --with-linker-hash-style=gnu --enable-plugin --enable-initfini-array --with-isl=/builddir/build/BUILD/gcc-13.2.1-20231011/obj-x86_64-redhat-linux/isl-install --enable-offload-targets=nvptx-none --without-cuda-driver --enable-offload-defaulted --enable-gnu-indirect-function --enable-cet --with-tune=generic --with-arch_32=i686 --build=x86_64-redhat-linux --with-build-config=bootstrap-lto --enable-link-serialization=1
Thread model: posix
Supported LTO compression algorithms: zlib zstd
gcc version 13.2.1 20231011 (Red Hat 13.2.1-4) (GCC) 
COLLECT_GCC_OPTIONS='-v' '-o' 'CMakeFiles/cmTC_c6252.dir/CMakeCXXCompilerABI.cpp.o' '-c' '-shared-libgcc' '-mtune=generic' '-march=x86-64' '-dumpdir' 'CMakeFiles/cmTC_c6252.dir/'
 /usr/libexec/gcc/x86_64-redhat-linux/13/cc1plus -quiet -v -D_GNU_SOURCE /home/odyce/Downloads/clion-2021.3.4/bin/cmake/linux/share/cmake-3.22/Modules/CMakeCXXCompilerABI.cpp -quiet -dumpdir CMakeFiles/cmTC_c6252.dir/ -dumpbase CMakeCXXCompilerABI.cpp.cpp -dumpbase-ext .cpp -mtune=generic -march=x86-64 -version -o /tmp/ccaefDz4.s
GNU C++17 (GCC) version 13.2.1 20231011 (Red Hat 13.2.1-4) (x86_64-redhat-linux)
	compiled by GNU C version 13.2.1 20231011 (Red Hat 13.2.1-4), GMP version 6.2.1, MPFR version 4.1.1-p1, MPC version 1.3.1, isl version isl-0.24-GMP

GGC heuristics: --param ggc-min-expand=100 --param ggc-min-heapsize=131072
ignoring nonexistent directory "/usr/lib/gcc/x86_64-redhat-linux/13/include-fixed"
ignoring nonexistent directory "/usr/lib/gcc/x86_64-redhat-linux/13/../../../../x86_64-redhat-linux/include"
#include "..." search starts here:
#include <...> search starts here:
 /usr/lib/gcc/x86_64-redhat-linux/13/../../../../include/c++/13
 /usr/lib/gcc/x86_64-redhat-linux/13/../../../../include/c++/13/x86_64-redhat-linux
 /usr/lib/gcc/x86_64-redhat-linux/13/../../../../include/c++/13/backward
 /usr/lib/gcc/x86_64-redhat-linux/13/include
 /usr/local/include
 /usr/include
End of search list.
Compiler executable checksum: 52590e081949d6e331e26532dd29bebb
COLLECT_GCC_OPTIONS='-v' '-o' 'CMakeFiles/cmTC_c6252.dir/CMakeCXXCompilerABI.cpp.o' '-c' '-shared-libgcc' '-mtune=generic' '-march=x86-64' '-dumpdir' 'CMakeFiles/cmTC_c6252.dir/'
 as -v --64 -o CMakeFiles/cmTC_c6252.dir/CMakeCXXCompilerABI.cpp.o /tmp/ccaefDz4.s
GNU assembler version 2.39 (x86_64-redhat-linux) using BFD version version 2.39-15.fc38
COMPILER_PATH=/usr/libexec/gcc/x86_64-redhat-linux/13/:/usr/libexec/gcc/x86_64-redhat-linux/13/:/usr/libexec/gcc/x86_64-redhat-linux/:/usr/lib/gcc/x86_64-redhat-linux/13/:/usr/lib/gcc/x86_64-redhat-linux/
LIBRARY_PATH=/usr/lib/gcc/x86_64-redhat-linux/13/:/usr/lib/gcc/x86_64-redhat-linux/13/../../../../lib64/:/lib/../lib64/:/usr/lib/../lib64/:/usr/lib/gcc/x86_64-redhat-linux/13/../../../:/lib/:/usr/lib/
COLLECT_GCC_OPTIONS='-v' '-o' 'CMakeFiles/cmTC_c6252.dir/CMakeCXXCompilerABI.cpp.o' '-c' '-shared-libgcc' '-mtune=generic' '-march=x86-64' '-dumpdir' 'CMakeFiles/cmTC_c6252.dir/CMakeCXXCompilerABI.cpp.'
Linking CXX executable cmTC_c6252
/home/odyce/Downloads/clion-2021.3.4/bin/cmake/linux/bin/cmake -E cmake_link_script CMakeFiles/cmTC_c6252.dir/link.txt --verbose=1
/usr/bin/c++  -v CMakeFiles/cmTC_c6252.dir/CMakeCXXCompilerABI.cpp.o -o cmTC_c6252 
Using built-in specs.
COLLECT_GCC=/usr/bin/c++
COLLECT_LTO_WRAPPER=/usr/libexec/gcc/x86_64-redhat-linux/13/lto-wrapper
OFFLOAD_TARGET_NAMES=nvptx-none
OFFLOAD_TARGET_DEFAULT=1
Target: x86_64-redhat-linux
Configured with: ../configure --enable-bootstrap --enable-languages=c,c++,fortran,objc,obj-c++,ada,go,d,m2,lto --prefix=/usr --mandir=/usr/share/man --infodir=/usr/share/info --with-bugurl=http://bugzilla.redhat.com/bugzilla --enable-shared --enable-threads=posix --enable-checking=release --enable-multilib --with-system-zlib --enable-__cxa_atexit --disable-libunwind-exceptions --enable-gnu-unique-object --enable-linker-build-id --with-gcc-major-version-only --enable-libstdcxx-backtrace --with-libstdcxx-zoneinfo=/usr/share/zoneinfo --with-linker-hash-style=gnu --enable-plugin --enable-initfini-array --with-isl=/builddir/build/BUILD/gcc-13.2.1-20231011/obj-x86_64-redhat-linux/isl-install --enable-offload-targets=nvptx-none --without-cuda-driver --enable-offload-defaulted --enable-gnu-indirect-function --enable-cet --with-tune=generic --with-arch_32=i686 --build=x86_64-redhat-linux --with-build-config=bootstrap-lto --enable-link-serialization=1
Thread model: posix
Supported LTO compression algorithms: zlib zstd
gcc version 13.2.1 20231011 (Red Hat 13.2.1-4) (GCC) 
COMPILER_PATH=/usr/libexec/gcc/x86_64-redhat-linux/13/:/usr/libexec/gcc/x86_64-redhat-linux/13/:/usr/libexec/gcc/x86_64-redhat-linux/:/usr/lib/gcc/x86_64-redhat-linux/13/:/usr/lib/gcc/x86_64-redhat-linux/
LIBRARY_PATH=/usr/lib/gcc/x86_64-redhat-linux/13/:/usr/lib/gcc/x86_64-redhat-linux/13/../../../../lib64/:/lib/../lib64/:/usr/lib/../lib64/:/usr/lib/gcc/x86_64-redhat-linux/13/../../../:/lib/:/usr/lib/
COLLECT_GCC_OPTIONS='-v' '-o' 'cmTC_c6252' '-shared-libgcc' '-mtune=generic' '-march=x86-64' '-dumpdir' 'cmTC_c6252.'
 /usr/libexec/gcc/x86_64-redhat-linux/13/collect2 -plugin /usr/libexec/gcc/x86_64-redhat-linux/13/liblto_plugin.so -plugin-opt=/usr/libexec/gcc/x86_64-redhat-linux/13/lto-wrapper -plugin-opt=-fresolution=/tmp/ccqsaDa0.res -plugin-opt=-pass-through=-lgcc_s -plugin-opt=-pass-through=-lgcc -plugin-opt=-pass-through=-lc -plugin-opt=-pass-through=-lgcc_s -plugin-opt=-pass-through=-lgcc --build-id --no-add-needed --eh-frame-hdr --hash-style=gnu -m elf_x86_64 -dynamic-linker /lib64/ld-linux-x86-64.so.2 -o cmTC_c6252 /usr/lib/gcc/x86_64-redhat-linux/13/../../../../lib64/crt1.o /usr/lib/gcc/x86_64-redhat-linux/13/../../../../lib64/crti.o /usr/lib/gcc/x86_64-redhat-linux/13/crtbegin.o -L/usr/lib/gcc/x86_64-redhat-linux/13 -L/usr/lib/gcc/x86_64-redhat-linux/13/../../../../lib64 -L/lib/../lib64 -L/usr/lib/../lib64 -L/usr/lib/gcc/x86_64-redhat-linux/13/../../.. CMakeFiles/cmTC_c6252.dir/CMakeCXXCompilerABI.cpp.o -lstdc++ -lm -lgcc_s -lgcc -lc -lgcc_s -lgcc /usr/lib/gcc/x86_64-redhat-linux/13/crtend.o /usr/lib/gcc/x86_64-redhat-linux/13/../../../../lib64/crtn.o
COLLECT_GCC_OPTIONS='-v' '-o' 'cmTC_c6252' '-shared-libgcc' '-mtune=generic' '-march=x86-64' '-dumpdir' 'cmTC_c6252.'
gmake[1]: Leaving directory '/home/odyce/Epitech_Projects/R-Type/B-CPP-500-LIL-5-1-rtype-maximilien.vanstaevel/CMakeFiles/CMakeTmp'



Parsed CXX implicit include dir info from above output: rv=done
  found start of include info
  found start of implicit include info
    add: [/usr/lib/gcc/x86_64-redhat-linux/13/../../../../include/c++/13]
    add: [/usr/lib/gcc/x86_64-redhat-linux/13/../../../../include/c++/13/x86_64-redhat-linux]
    add: [/usr/lib/gcc/x86_64-redhat-linux/13/../../../../include/c++/13/backward]
    add: [/usr/lib/gcc/x86_64-redhat-linux/13/include]
    add: [/usr/local/include]
    add: [/usr/include]
  end of search list found
  collapse include dir [/usr/lib/gcc/x86_64-redhat-linux/13/../../../../include/c++/13] ==> [/usr/include/c++/13]
  collapse include dir [/usr/lib/gcc/x86_64-redhat-linux/13/../../../../include/c++/13/x86_64-redhat-linux] ==> [/usr/include/c++/13/x86_64-redhat-linux]
  collapse include dir [/usr/lib/gcc/x86_64-redhat-linux/13/../../../../include/c++/13/backward] ==> [/usr/include/c++/13/backward]
  collapse include dir [/usr/lib/gcc/x86_64-redhat-linux/13/include] ==> [/usr/lib/gcc/x86_64-redhat-linux/13/include]
  collapse include dir [/usr/local/include] ==> [/usr/local/include]
  collapse include dir [/usr/include] ==> [/usr/include]
  implicit include dirs: [/usr/include/c++/13;/usr/include/c++/13/x86_64-redhat-linux;/usr/include/c++/13/backward;/usr/lib/gcc/x86_64-redhat-linux/13/include;/usr/local/include;/usr/include]


Parsed CXX implicit link information from above output:
  link line regex: [^( *|.*[/\])(ld|CMAKE_LINK_STARTFILE-NOTFOUND|([^/\]+-)?ld|collect2)[^/\]*( |$)]
  ignore line: [Change Dir: /home/odyce/Epitech_Projects/R-Type/B-CPP-500-LIL-5-1-rtype-maximilien.vanstaevel/CMakeFiles/CMakeTmp]
  ignore line: []
  ignore line: [Run Build Command(s):/usr/bin/gmake -f Makefile cmTC_c6252/fast && /usr/bin/gmake  -f CMakeFiles/cmTC_c6252.dir/build.make CMakeFiles/cmTC_c6252.dir/build]
  ignore line: [gmake[1]: Entering directory '/home/odyce/Epitech_Projects/R-Type/B-CPP-500-LIL-5-1-rtype-maximilien.vanstaevel/CMakeFiles/CMakeTmp']
  ignore line: [Building CXX object CMakeFiles/cmTC_c6252.dir/CMakeCXXCompilerABI.cpp.o]
  ignore line: [/usr/bin/c++   -v -o CMakeFiles/cmTC_c6252.dir/CMakeCXXCompilerABI.cpp.o -c /home/odyce/Downloads/clion-2021.3.4/bin/cmake/linux/share/cmake-3.22/Modules/CMakeCXXCompilerABI.cpp]
  ignore line: [Using built-in specs.]
  ignore line: [COLLECT_GCC=/usr/bin/c++]
  ignore line: [OFFLOAD_TARGET_NAMES=nvptx-none]
  ignore line: [OFFLOAD_TARGET_DEFAULT=1]
  ignore line: [Target: x86_64-redhat-linux]
  ignore line: [Configured with: ../configure --enable-bootstrap --enable-languages=c c++ fortran objc obj-c++ ada go d m2 lto --prefix=/usr --mandir=/usr/share/man --infodir=/usr/share/info --with-bugurl=http://bugzilla.redhat.com/bugzilla --enable-shared --enable-threads=posix --enable-checking=release --enable-multilib --with-system-zlib --enable-__cxa_atexit --disable-libunwind-exceptions --enable-gnu-unique-object --enable-linker-build-id --with-gcc-major-version-only --enable-libstdcxx-backtrace --with-libstdcxx-zoneinfo=/usr/share/zoneinfo --with-linker-hash-style=gnu --enable-plugin --enable-initfini-array --with-isl=/builddir/build/BUILD/gcc-13.2.1-20231011/obj-x86_64-redhat-linux/isl-install --enable-offload-targets=nvptx-none --without-cuda-driver --enable-offload-defaulted --enable-gnu-indirect-function --enable-cet --with-tune=generic --with-arch_32=i686 --build=x86_64-redhat-linux --with-build-config=bootstrap-lto --enable-link-serialization=1]
  ignore line: [Thread model: posix]
  ignore line: [Supported LTO compression algorithms: zlib zstd]
  ignore line: [gcc version 13.2.1 20231011 (Red Hat 13.2.1-4) (GCC) ]
  ignore line: [COLLECT_GCC_OPTIONS='-v' '-o' 'CMakeFiles/cmTC_c6252.dir/CMakeCXXCompilerABI.cpp.o' '-c' '-shared-libgcc' '-mtune=generic' '-march=x86-64' '-dumpdir' 'CMakeFiles/cmTC_c6252.dir/']
  ignore line: [ /usr/libexec/gcc/x86_64-redhat-linux/13/cc1plus -quiet -v -D_GNU_SOURCE /home/odyce/Downloads/clion-2021.3.4/bin/cmake/linux/share/cmake-3.22/Modules/CMakeCXXCompilerABI.cpp -quiet -dumpdir CMakeFiles/cmTC_c6252.dir/ -dumpbase CMakeCXXCompilerABI.cpp.cpp -dumpbase-ext .cpp -mtune=generic -march=x86-64 -version -o /tmp/ccaefDz4.s]
  ignore line: [GNU C++17 (GCC) version 13.2.1 20231011 (Red Hat 13.2.1-4) (x86_64-redhat-linux)]
  ignore line: [	compiled by GNU C version 13.2.1 20231011 (Red Hat 13.2.1-4)  GMP version 6.2.1  MPFR version 4.1.1-p1  MPC version 1.3.1  isl version isl-0.24-GMP]
  ignore line: []
  ignore line: [GGC heuristics: --param ggc-min-expand=100 --param ggc-min-heapsize=131072]
  ignore line: [ignoring nonexistent directory "/usr/lib/gcc/x86_64-redhat-linux/13/include-fixed"]
  ignore line: [ignoring nonexistent directory "/usr/lib/gcc/x86_64-redhat-linux/13/../../../../x86_64-redhat-linux/include"]
  ignore line: [#include "..." search starts here:]
  ignore line: [#include <...> search starts here:]
  ignore line: [ /usr/lib/gcc/x86_64-redhat-linux/13/../../../../include/c++/13]
  ignore line: [ /usr/lib/gcc/x86_64-redhat-linux/13/../../../../include/c++/13/x86_64-redhat-linux]
  ignore line: [ /usr/lib/gcc/x86_64-redhat-linux/13/../../../../include/c++/13/backward]
  ignore line: [ /usr/lib/gcc/x86_64-redhat-linux/13/include]
  ignore line: [ /usr/local/include]
  ignore line: [ /usr/include]
  ignore line: [End of search list.]
  ignore line: [Compiler executable checksum: 52590e081949d6e331e26532dd29bebb]
  ignore line: [COLLECT_GCC_OPTIONS='-v' '-o' 'CMakeFiles/cmTC_c6252.dir/CMakeCXXCompilerABI.cpp.o' '-c' '-shared-libgcc' '-mtune=generic' '-march=x86-64' '-dumpdir' 'CMakeFiles/cmTC_c6252.dir/']
  ignore line: [ as -v --64 -o CMakeFiles/cmTC_c6252.dir/CMakeCXXCompilerABI.cpp.o /tmp/ccaefDz4.s]
  ignore line: [GNU assembler version 2.39 (x86_64-redhat-linux) using BFD version version 2.39-15.fc38]
  ignore line: [COMPILER_PATH=/usr/libexec/gcc/x86_64-redhat-linux/13/:/usr/libexec/gcc/x86_64-redhat-linux/13/:/usr/libexec/gcc/x86_64-redhat-linux/:/usr/lib/gcc/x86_64-redhat-linux/13/:/usr/lib/gcc/x86_64-redhat-linux/]
  ignore line: [LIBRARY_PATH=/usr/lib/gcc/x86_64-redhat-linux/13/:/usr/lib/gcc/x86_64-redhat-linux/13/../../../../lib64/:/lib/../lib64/:/usr/lib/../lib64/:/usr/lib/gcc/x86_64-redhat-linux/13/../../../:/lib/:/usr/lib/]
  ignore line: [COLLECT_GCC_OPTIONS='-v' '-o' 'CMakeFiles/cmTC_c6252.dir/CMakeCXXCompilerABI.cpp.o' '-c' '-shared-libgcc' '-mtune=generic' '-march=x86-64' '-dumpdir' 'CMakeFiles/cmTC_c6252.dir/CMakeCXXCompilerABI.cpp.']
  ignore line: [Linking CXX executable cmTC_c6252]
  ignore line: [/home/odyce/Downloads/clion-2021.3.4/bin/cmake/linux/bin/cmake -E cmake_link_script CMakeFiles/cmTC_c6252.dir/link.txt --verbose=1]
  ignore line: [/usr/bin/c++  -v CMakeFiles/cmTC_c6252.dir/CMakeCXXCompilerABI.cpp.o -o cmTC_c6252 ]
  ignore line: [Using built-in specs.]
  ignore line: [COLLECT_GCC=/usr/bin/c++]
  ignore line: [COLLECT_LTO_WRAPPER=/usr/libexec/gcc/x86_64-redhat-linux/13/lto-wrapper]
  ignore line: [OFFLOAD_TARGET_NAMES=nvptx-none]
  ignore line: [OFFLOAD_TARGET_DEFAULT=1]
  ignore line: [Target: x86_64-redhat-linux]
  ignore line: [Configured with: ../configure --enable-bootstrap --enable-languages=c c++ fortran objc obj-c++ ada go d m2 lto --prefix=/usr --mandir=/usr/share/man --infodir=/usr/share/info --with-bugurl=http://bugzilla.redhat.com/bugzilla --enable-shared --enable-threads=posix --enable-checking=release --enable-multilib --with-system-zlib --enable-__cxa_atexit --disable-libunwind-exceptions --enable-gnu-unique-object --enable-linker-build-id --with-gcc-major-version-only --enable-libstdcxx-backtrace --with-libstdcxx-zoneinfo=/usr/share/zoneinfo --with-linker-hash-style=gnu --enable-plugin --enable-initfini-array --with-isl=/builddir/build/BUILD/gcc-13.2.1-20231011/obj-x86_64-redhat-linux/isl-install --enable-offload-targets=nvptx-none --without-cuda-driver --enable-offload-defaulted --enable-gnu-indirect-function --enable-cet --with-tune=generic --with-arch_32=i686 --build=x86_64-redhat-linux --with-build-config=bootstrap-lto --enable-link-serialization=1]
  ignore line: [Thread model: posix]
  ignore line: [Supported LTO compression algorithms: zlib zstd]
  ignore line: [gcc version 13.2.1 20231011 (Red Hat 13.2.1-4) (GCC) ]
  ignore line: [COMPILER_PATH=/usr/libexec/gcc/x86_64-redhat-linux/13/:/usr/libexec/gcc/x86_64-redhat-linux/13/:/usr/libexec/gcc/x86_64-redhat-linux/:/usr/lib/gcc/x86_64-redhat-linux/13/:/usr/lib/gcc/x86_64-redhat-linux/]
  ignore line: [LIBRARY_PATH=/usr/lib/gcc/x86_64-redhat-linux/13/:/usr/lib/gcc/x86_64-redhat-linux/13/../../../../lib64/:/lib/../lib64/:/usr/lib/../lib64/:/usr/lib/gcc/x86_64-redhat-linux/13/../../../:/lib/:/usr/lib/]
  ignore line: [COLLECT_GCC_OPTIONS='-v' '-o' 'cmTC_c6252' '-shared-libgcc' '-mtune=generic' '-march=x86-64' '-dumpdir' 'cmTC_c6252.']
  link line: [ /usr/libexec/gcc/x86_64-redhat-linux/13/collect2 -plugin /usr/libexec/gcc/x86_64-redhat-linux/13/liblto_plugin.so -plugin-opt=/usr/libexec/gcc/x86_64-redhat-linux/13/lto-wrapper -plugin-opt=-fresolution=/tmp/ccqsaDa0.res -plugin-opt=-pass-through=-lgcc_s -plugin-opt=-pass-through=-lgcc -plugin-opt=-pass-through=-lc -plugin-opt=-pass-through=-lgcc_s -plugin-opt=-pass-through=-lgcc --build-id --no-add-needed --eh-frame-hdr --hash-style=gnu -m elf_x86_64 -dynamic-linker /lib64/ld-linux-x86-64.so.2 -o cmTC_c6252 /usr/lib/gcc/x86_64-redhat-linux/13/../../../../lib64/crt1.o /usr/lib/gcc/x86_64-redhat-linux/13/../../../../lib64/crti.o /usr/lib/gcc/x86_64-redhat-linux/13/crtbegin.o -L/usr/lib/gcc/x86_64-redhat-linux/13 -L/usr/lib/gcc/x86_64-redhat-linux/13/../../../../lib64 -L/lib/../lib64 -L/usr/lib/../lib64 -L/usr/lib/gcc/x86_64-redhat-linux/13/../../.. CMakeFiles/cmTC_c6252.dir/CMakeCXXCompilerABI.cpp.o -lstdc++ -lm -lgcc_s -lgcc -lc -lgcc_s -lgcc /usr/lib/gcc/x86_64-redhat-linux/13/crtend.o /usr/lib/gcc/x86_64-redhat-linux/13/../../../../lib64/crtn.o]
    arg [/usr/libexec/gcc/x86_64-redhat-linux/13/collect2] ==> ignore
    arg [-plugin] ==> ignore
    arg [/usr/libexec/gcc/x86_64-redhat-linux/13/liblto_plugin.so] ==> ignore
    arg [-plugin-opt=/usr/libexec/gcc/x86_64-redhat-linux/13/lto-wrapper] ==> ignore
    arg [-plugin-opt=-fresolution=/tmp/ccqsaDa0.res] ==> ignore
    arg [-plugin-opt=-pass-through=-lgcc_s] ==> ignore
    arg [-plugin-opt=-pass-through=-lgcc] ==> ignore
    arg [-plugin-opt=-pass-through=-lc] ==> ignore
    arg [-plugin-opt=-pass-through=-lgcc_s] ==> ignore
    arg [-plugin-opt=-pass-through=-lgcc] ==> ignore
    arg [--build-id] ==> ignore
    arg [--no-add-needed] ==> ignore
    arg [--eh-frame-hdr] ==> ignore
    arg [--hash-style=gnu] ==> ignore
    arg [-m] ==> ignore
    arg [elf_x86_64] ==> ignore
    arg [-dynamic-linker] ==> ignore
    arg [/lib64/ld-linux-x86-64.so.2] ==> ignore
    arg [-o] ==> ignore
    arg [cmTC_c6252] ==> ignore
    arg [/usr/lib/gcc/x86_64-redhat-linux/13/../../../../lib64/crt1.o] ==> obj [/usr/lib/gcc/x86_64-redhat-linux/13/../../../../lib64/crt1.o]
    arg [/usr/lib/gcc/x86_64-redhat-linux/13/../../../../lib64/crti.o] ==> obj [/usr/lib/gcc/x86_64-redhat-linux/13/../../../../lib64/crti.o]
    arg [/usr/lib/gcc/x86_64-redhat-linux/13/crtbegin.o] ==> obj [/usr/lib/gcc/x86_64-redhat-linux/13/crtbegin.o]
    arg [-L/usr/lib/gcc/x86_64-redhat-linux/13] ==> dir [/usr/lib/gcc/x86_64-redhat-linux/13]
    arg [-L/usr/lib/gcc/x86_64-redhat-linux/13/../../../../lib64] ==> dir [/usr/lib/gcc/x86_64-redhat-linux/13/../../../../lib64]
    arg [-L/lib/../lib64] ==> dir [/lib/../lib64]
    arg [-L/usr/lib/../lib64] ==> dir [/usr/lib/../lib64]
    arg [-L/usr/lib/gcc/x86_64-redhat-linux/13/../../..] ==> dir [/usr/lib/gcc/x86_64-redhat-linux/13/../../..]
    arg [CMakeFiles/cmTC_c6252.dir/CMakeCXXCompilerABI.cpp.o] ==> ignore
    arg [-lstdc++] ==> lib [stdc++]
    arg [-lm] ==> lib [m]
    arg [-lgcc_s] ==> lib [gcc_s]
    arg [-lgcc] ==> lib [gcc]
    arg [-lc] ==> lib [c]
    arg [-lgcc_s] ==> lib [gcc_s]
    arg [-lgcc] ==> lib [gcc]
    arg [/usr/lib/gcc/x86_64-redhat-linux/13/crtend.o] ==> obj [/usr/lib/gcc/x86_64-redhat-linux/13/crtend.o]
    arg [/usr/lib/gcc/x86_64-redhat-linux/13/../../../../lib64/crtn.o] ==> obj [/usr/lib/gcc/x86_64-redhat-linux/13/../../../../lib64/crtn.o]
  collapse obj [/usr/lib/gcc/x86_64-redhat-linux/13/../../../../lib64/crt1.o] ==> [/usr/lib64/crt1.o]
  collapse obj [/usr/lib/gcc/x86_64-redhat-linux/13/../../../../lib64/crti.o] ==> [/usr/lib64/crti.o]
  collapse obj [/usr/lib/gcc/x86_64-redhat-linux/13/../../../../lib64/crtn.o] ==> [/usr/lib64/crtn.o]
  collapse library dir [/usr/lib/gcc/x86_64-redhat-linux/13] ==> [/usr/lib/gcc/x86_64-redhat-linux/13]
  collapse library dir [/usr/lib/gcc/x86_64-redhat-linux/13/../../../../lib64] ==> [/usr/lib64]
  collapse library dir [/lib/../lib64] ==> [/lib64]
  collapse library dir [/usr/lib/../lib64] ==> [/usr/lib64]
  collapse library dir [/usr/lib/gcc/x86_64-redhat-linux/13/../../..] ==> [/usr/lib]
  implicit libs: [stdc++;m;gcc_s;gcc;c;gcc_s;gcc]
  implicit objs: [/usr/lib64/crt1.o;/usr/lib64/crti.o;/usr/lib/gcc/x86_64-redhat-linux/13/crtbegin.o;/usr/lib/gcc/x86_64-redhat-linux/13/crtend.o;/usr/lib64/crtn.o]
  implicit dirs: [/usr/lib/gcc/x86_64-redhat-linux/13;/usr/lib64;/lib64;/usr/lib]
  implicit fwks: []


Determining if the function XOpenDisplay exists in the /usr/lib64/libX11.so;/usr/lib64/libXext.so passed with the following output:
Change Dir: /home/odyce/Epitech_Projects/R-Type/B-CPP-500-LIL-5-1-rtype-maximilien.vanstaevel/CMakeFiles/CMakeTmp

Run Build Command(s):/usr/bin/gmake -f Makefile cmTC_7be30/fast && /usr/bin/gmake  -f CMakeFiles/cmTC_7be30.dir/build.make CMakeFiles/cmTC_7be30.dir/build
gmake[1]: Entering directory '/home/odyce/Epitech_Projects/R-Type/B-CPP-500-LIL-5-1-rtype-maximilien.vanstaevel/CMakeFiles/CMakeTmp'
Building C object CMakeFiles/cmTC_7be30.dir/CheckFunctionExists.c.o
/usr/bin/cc   -DCHECK_FUNCTION_EXISTS=XOpenDisplay -o CMakeFiles/cmTC_7be30.dir/CheckFunctionExists.c.o -c /home/odyce/Downloads/clion-2021.3.4/bin/cmake/linux/share/cmake-3.22/Modules/CheckFunctionExists.c
Linking C executable cmTC_7be30
/home/odyce/Downloads/clion-2021.3.4/bin/cmake/linux/bin/cmake -E cmake_link_script CMakeFiles/cmTC_7be30.dir/link.txt --verbose=1
/usr/bin/cc  -DCHECK_FUNCTION_EXISTS=XOpenDisplay CMakeFiles/cmTC_7be30.dir/CheckFunctionExists.c.o -o cmTC_7be30  /usr/lib64/libX11.so /usr/lib64/libXext.so 
gmake[1]: Leaving directory '/home/odyce/Epitech_Projects/R-Type/B-CPP-500-LIL-5-1-rtype-maximilien.vanstaevel/CMakeFiles/CMakeTmp'



Determining if the function gethostbyname exists passed with the following output:
Change Dir: /home/odyce/Epitech_Projects/R-Type/B-CPP-500-LIL-5-1-rtype-maximilien.vanstaevel/CMakeFiles/CMakeTmp

Run Build Command(s):/usr/bin/gmake -f Makefile cmTC_d0489/fast && /usr/bin/gmake  -f CMakeFiles/cmTC_d0489.dir/build.make CMakeFiles/cmTC_d0489.dir/build
gmake[1]: Entering directory '/home/odyce/Epitech_Projects/R-Type/B-CPP-500-LIL-5-1-rtype-maximilien.vanstaevel/CMakeFiles/CMakeTmp'
Building C object CMakeFiles/cmTC_d0489.dir/CheckFunctionExists.c.o
/usr/bin/cc   -DCHECK_FUNCTION_EXISTS=gethostbyname -o CMakeFiles/cmTC_d0489.dir/CheckFunctionExists.c.o -c /home/odyce/Downloads/clion-2021.3.4/bin/cmake/linux/share/cmake-3.22/Modules/CheckFunctionExists.c
Linking C executable cmTC_d0489
/home/odyce/Downloads/clion-2021.3.4/bin/cmake/linux/bin/cmake -E cmake_link_script CMakeFiles/cmTC_d0489.dir/link.txt --verbose=1
/usr/bin/cc  -DCHECK_FUNCTION_EXISTS=gethostbyname CMakeFiles/cmTC_d0489.dir/CheckFunctionExists.c.o -o cmTC_d0489 
gmake[1]: Leaving directory '/home/odyce/Epitech_Projects/R-Type/B-CPP-500-LIL-5-1-rtype-maximilien.vanstaevel/CMakeFiles/CMakeTmp'



Determining if the function connect exists passed with the following output:
Change Dir: /home/odyce/Epitech_Projects/R-Type/B-CPP-500-LIL-5-1-rtype-maximilien.vanstaevel/CMakeFiles/CMakeTmp

Run Build Command(s):/usr/bin/gmake -f Makefile cmTC_9ea0a/fast && /usr/bin/gmake  -f CMakeFiles/cmTC_9ea0a.dir/build.make CMakeFiles/cmTC_9ea0a.dir/build
gmake[1]: Entering directory '/home/odyce/Epitech_Projects/R-Type/B-CPP-500-LIL-5-1-rtype-maximilien.vanstaevel/CMakeFiles/CMakeTmp'
Building C object CMakeFiles/cmTC_9ea0a.dir/CheckFunctionExists.c.o
/usr/bin/cc   -DCHECK_FUNCTION_EXISTS=connect -o CMakeFiles/cmTC_9ea0a.dir/CheckFunctionExists.c.o -c /home/odyce/Downloads/clion-2021.3.4/bin/cmake/linux/share/cmake-3.22/Modules/CheckFunctionExists.c
Linking C executable cmTC_9ea0a
/home/odyce/Downloads/clion-2021.3.4/bin/cmake/linux/bin/cmake -E cmake_link_script CMakeFiles/cmTC_9ea0a.dir/link.txt --verbose=1
/usr/bin/cc  -DCHECK_FUNCTION_EXISTS=connect CMakeFiles/cmTC_9ea0a.dir/CheckFunctionExists.c.o -o cmTC_9ea0a 
gmake[1]: Leaving directory '/home/odyce/Epitech_Projects/R-Type/B-CPP-500-LIL-5-1-rtype-maximilien.vanstaevel/CMakeFiles/CMakeTmp'



Determining if the function remove exists passed with the following output:
Change Dir: /home/odyce/Epitech_Projects/R-Type/B-CPP-500-LIL-5-1-rtype-maximilien.vanstaevel/CMakeFiles/CMakeTmp

Run Build Command(s):/usr/bin/gmake -f Makefile cmTC_6db65/fast && /usr/bin/gmake  -f CMakeFiles/cmTC_6db65.dir/build.make CMakeFiles/cmTC_6db65.dir/build
gmake[1]: Entering directory '/home/odyce/Epitech_Projects/R-Type/B-CPP-500-LIL-5-1-rtype-maximilien.vanstaevel/CMakeFiles/CMakeTmp'
Building C object CMakeFiles/cmTC_6db65.dir/CheckFunctionExists.c.o
/usr/bin/cc   -DCHECK_FUNCTION_EXISTS=remove -o CMakeFiles/cmTC_6db65.dir/CheckFunctionExists.c.o -c /home/odyce/Downloads/clion-2021.3.4/bin/cmake/linux/share/cmake-3.22/Modules/CheckFunctionExists.c
Linking C executable cmTC_6db65
/home/odyce/Downloads/clion-2021.3.4/bin/cmake/linux/bin/cmake -E cmake_link_script CMakeFiles/cmTC_6db65.dir/link.txt --verbose=1
/usr/bin/cc  -DCHECK_FUNCTION_EXISTS=remove CMakeFiles/cmTC_6db65.dir/CheckFunctionExists.c.o -o cmTC_6db65 
gmake[1]: Leaving directory '/home/odyce/Epitech_Projects/R-Type/B-CPP-500-LIL-5-1-rtype-maximilien.vanstaevel/CMakeFiles/CMakeTmp'



Determining if the function shmat exists passed with the following output:
Change Dir: /home/odyce/Epitech_Projects/R-Type/B-CPP-500-LIL-5-1-rtype-maximilien.vanstaevel/CMakeFiles/CMakeTmp

Run Build Command(s):/usr/bin/gmake -f Makefile cmTC_e71ae/fast && /usr/bin/gmake  -f CMakeFiles/cmTC_e71ae.dir/build.make CMakeFiles/cmTC_e71ae.dir/build
gmake[1]: Entering directory '/home/odyce/Epitech_Projects/R-Type/B-CPP-500-LIL-5-1-rtype-maximilien.vanstaevel/CMakeFiles/CMakeTmp'
Building C object CMakeFiles/cmTC_e71ae.dir/CheckFunctionExists.c.o
/usr/bin/cc   -DCHECK_FUNCTION_EXISTS=shmat -o CMakeFiles/cmTC_e71ae.dir/CheckFunctionExists.c.o -c /home/odyce/Downloads/clion-2021.3.4/bin/cmake/linux/share/cmake-3.22/Modules/CheckFunctionExists.c
Linking C executable cmTC_e71ae
/home/odyce/Downloads/clion-2021.3.4/bin/cmake/linux/bin/cmake -E cmake_link_script CMakeFiles/cmTC_e71ae.dir/link.txt --verbose=1
/usr/bin/cc  -DCHECK_FUNCTION_EXISTS=shmat CMakeFiles/cmTC_e71ae.dir/CheckFunctionExists.c.o -o cmTC_e71ae 
gmake[1]: Leaving directory '/home/odyce/Epitech_Projects/R-Type/B-CPP-500-LIL-5-1-rtype-maximilien.vanstaevel/CMakeFiles/CMakeTmp'



Performing C++ SOURCE FILE Test ATOMIC_TEST succeeded with the following output:
Change Dir: /home/odyce/Epitech_Projects/R-Type/B-CPP-500-LIL-5-1-rtype-maximilien.vanstaevel/CMakeFiles/CMakeTmp

Run Build Command(s):/usr/bin/gmake -f Makefile cmTC_a8de2/fast && /usr/bin/gmake  -f CMakeFiles/cmTC_a8de2.dir/build.make CMakeFiles/cmTC_a8de2.dir/build
gmake[1]: Entering directory '/home/odyce/Epitech_Projects/R-Type/B-CPP-500-LIL-5-1-rtype-maximilien.vanstaevel/CMakeFiles/CMakeTmp'
Building CXX object CMakeFiles/cmTC_a8de2.dir/src.cxx.o
/usr/bin/c++ -DATOMIC_TEST  -std=gnu++23 -o CMakeFiles/cmTC_a8de2.dir/src.cxx.o -c /home/odyce/Epitech_Projects/R-Type/B-CPP-500-LIL-5-1-rtype-maximilien.vanstaevel/CMakeFiles/CMakeTmp/src.cxx
Linking CXX executable cmTC_a8de2
/home/odyce/Downloads/clion-2021.3.4/bin/cmake/linux/bin/cmake -E cmake_link_script CMakeFiles/cmTC_a8de2.dir/link.txt --verbose=1
/usr/bin/c++ CMakeFiles/cmTC_a8de2.dir/src.cxx.o -o cmTC_a8de2 
gmake[1]: Leaving directory '/home/odyce/Epitech_Projects/R-Type/B-CPP-500-LIL-5-1-rtype-maximilien.vanstaevel/CMakeFiles/CMakeTmp'


Source file was:
#include <atomic>
        int main(){std::atomic_ullong x(1); return x.fetch_add(1);}
Determining if the include file pthread.h exists passed with the following output:
Change Dir: /home/odyce/Epitech_Projects/R-Type/B-CPP-500-LIL-5-1-rtype-maximilien.vanstaevel/CMakeFiles/CMakeTmp

Run Build Command(s):/usr/bin/gmake -f Makefile cmTC_9b88f/fast && /usr/bin/gmake  -f CMakeFiles/cmTC_9b88f.dir/build.make CMakeFiles/cmTC_9b88f.dir/build
gmake[1]: Entering directory '/home/odyce/Epitech_Projects/R-Type/B-CPP-500-LIL-5-1-rtype-maximilien.vanstaevel/CMakeFiles/CMakeTmp'
Building C object CMakeFiles/cmTC_9b88f.dir/CheckIncludeFile.c.o
/usr/bin/cc    -o CMakeFiles/cmTC_9b88f.dir/CheckIncludeFile.c.o -c /home/odyce/Epitech_Projects/R-Type/B-CPP-500-LIL-5-1-rtype-maximilien.vanstaevel/CMakeFiles/CMakeTmp/CheckIncludeFile.c
Linking C executable cmTC_9b88f
/home/odyce/Downloads/clion-2021.3.4/bin/cmake/linux/bin/cmake -E cmake_link_script CMakeFiles/cmTC_9b88f.dir/link.txt --verbose=1
/usr/bin/cc CMakeFiles/cmTC_9b88f.dir/CheckIncludeFile.c.o -o cmTC_9b88f 
gmake[1]: Leaving directory '/home/odyce/Epitech_Projects/R-Type/B-CPP-500-LIL-5-1-rtype-maximilien.vanstaevel/CMakeFiles/CMakeTmp'



Performing C SOURCE FILE Test CMAKE_HAVE_LIBC_PTHREAD succeeded with the following output:
Change Dir: /home/odyce/Epitech_Projects/R-Type/B-CPP-500-LIL-5-1-rtype-maximilien.vanstaevel/CMakeFiles/CMakeTmp

Run Build Command(s):/usr/bin/gmake -f Makefile cmTC_00d8a/fast && /usr/bin/gmake  -f CMakeFiles/cmTC_00d8a.dir/build.make CMakeFiles/cmTC_00d8a.dir/build
gmake[1]: Entering directory '/home/odyce/Epitech_Projects/R-Type/B-CPP-500-LIL-5-1-rtype-maximilien.vanstaevel/CMakeFiles/CMakeTmp'
Building C object CMakeFiles/cmTC_00d8a.dir/src.c.o
/usr/bin/cc -DCMAKE_HAVE_LIBC_PTHREAD   -o CMakeFiles/cmTC_00d8a.dir/src.c.o -c /home/odyce/Epitech_Projects/R-Type/B-CPP-500-LIL-5-1-rtype-maximilien.vanstaevel/CMakeFiles/CMakeTmp/src.c
Linking C executable cmTC_00d8a
/home/odyce/Downloads/clion-2021.3.4/bin/cmake/linux/bin/cmake -E cmake_link_script CMakeFiles/cmTC_00d8a.dir/link.txt --verbose=1
/usr/bin/cc CMakeFiles/cmTC_00d8a.dir/src.c.o -o cmTC_00d8a 
gmake[1]: Leaving directory '/home/odyce/Epitech_Projects/R-Type/B-CPP-500-LIL-5-1-rtype-maximilien.vanstaevel/CMakeFiles/CMakeTmp'


Source file was:
#include <pthread.h>

static void* test_func(void* data)
{
  return data;
}

int main(void)
{
  pthread_t thread;
  pthread_create(&thread, NULL, test_func, NULL);
  pthread_detach(thread);
  pthread_cancel(thread);
  pthread_join(thread, NULL);
  pthread_atfork(NULL, NULL, NULL);
  pthread_exit(NULL);

  return 0;
}

Determining if the include file sys/mman.h exists passed with the following output:
Change Dir: /home/odyce/Epitech_Projects/R-Type/B-CPP-500-LIL-5-1-rtype-maximilien.vanstaevel/CMakeFiles/CMakeTmp

Run Build Command(s):/usr/bin/gmake -f Makefile cmTC_595a7/fast && /usr/bin/gmake  -f CMakeFiles/cmTC_595a7.dir/build.make CMakeFiles/cmTC_595a7.dir/build
gmake[1]: Entering directory '/home/odyce/Epitech_Projects/R-Type/B-CPP-500-LIL-5-1-rtype-maximilien.vanstaevel/CMakeFiles/CMakeTmp'
Building C object CMakeFiles/cmTC_595a7.dir/CheckIncludeFile.c.o
/usr/bin/cc    -o CMakeFiles/cmTC_595a7.dir/CheckIncludeFile.c.o -c /home/odyce/Epitech_Projects/R-Type/B-CPP-500-LIL-5-1-rtype-maximilien.vanstaevel/CMakeFiles/CMakeTmp/CheckIncludeFile.c
Linking C executable cmTC_595a7
/home/odyce/Downloads/clion-2021.3.4/bin/cmake/linux/bin/cmake -E cmake_link_script CMakeFiles/cmTC_595a7.dir/link.txt --verbose=1
/usr/bin/cc -rdynamic CMakeFiles/cmTC_595a7.dir/CheckIncludeFile.c.o -o cmTC_595a7 
gmake[1]: Leaving directory '/home/odyce/Epitech_Projects/R-Type/B-CPP-500-LIL-5-1-rtype-maximilien.vanstaevel/CMakeFiles/CMakeTmp'



Determining if the include file sys/resource.h exists passed with the following output:
Change Dir: /home/odyce/Epitech_Projects/R-Type/B-CPP-500-LIL-5-1-rtype-maximilien.vanstaevel/CMakeFiles/CMakeTmp

Run Build Command(s):/usr/bin/gmake -f Makefile cmTC_668c5/fast && /usr/bin/gmake  -f CMakeFiles/cmTC_668c5.dir/build.make CMakeFiles/cmTC_668c5.dir/build
gmake[1]: Entering directory '/home/odyce/Epitech_Projects/R-Type/B-CPP-500-LIL-5-1-rtype-maximilien.vanstaevel/CMakeFiles/CMakeTmp'
Building C object CMakeFiles/cmTC_668c5.dir/CheckIncludeFile.c.o
/usr/bin/cc    -o CMakeFiles/cmTC_668c5.dir/CheckIncludeFile.c.o -c /home/odyce/Epitech_Projects/R-Type/B-CPP-500-LIL-5-1-rtype-maximilien.vanstaevel/CMakeFiles/CMakeTmp/CheckIncludeFile.c
Linking C executable cmTC_668c5
/home/odyce/Downloads/clion-2021.3.4/bin/cmake/linux/bin/cmake -E cmake_link_script CMakeFiles/cmTC_668c5.dir/link.txt --verbose=1
/usr/bin/cc -rdynamic CMakeFiles/cmTC_668c5.dir/CheckIncludeFile.c.o -o cmTC_668c5 
gmake[1]: Leaving directory '/home/odyce/Epitech_Projects/R-Type/B-CPP-500-LIL-5-1-rtype-maximilien.vanstaevel/CMakeFiles/CMakeTmp'



Determining if the include file sys/time.h exists passed with the following output:
Change Dir: /home/odyce/Epitech_Projects/R-Type/B-CPP-500-LIL-5-1-rtype-maximilien.vanstaevel/CMakeFiles/CMakeTmp

Run Build Command(s):/usr/bin/gmake -f Makefile cmTC_5677f/fast && /usr/bin/gmake  -f CMakeFiles/cmTC_5677f.dir/build.make CMakeFiles/cmTC_5677f.dir/build
gmake[1]: Entering directory '/home/odyce/Epitech_Projects/R-Type/B-CPP-500-LIL-5-1-rtype-maximilien.vanstaevel/CMakeFiles/CMakeTmp'
Building C object CMakeFiles/cmTC_5677f.dir/CheckIncludeFile.c.o
/usr/bin/cc    -o CMakeFiles/cmTC_5677f.dir/CheckIncludeFile.c.o -c /home/odyce/Epitech_Projects/R-Type/B-CPP-500-LIL-5-1-rtype-maximilien.vanstaevel/CMakeFiles/CMakeTmp/CheckIncludeFile.c
Linking C executable cmTC_5677f
/home/odyce/Downloads/clion-2021.3.4/bin/cmake/linux/bin/cmake -E cmake_link_script CMakeFiles/cmTC_5677f.dir/link.txt --verbose=1
/usr/bin/cc -rdynamic CMakeFiles/cmTC_5677f.dir/CheckIncludeFile.c.o -o cmTC_5677f 
gmake[1]: Leaving directory '/home/odyce/Epitech_Projects/R-Type/B-CPP-500-LIL-5-1-rtype-maximilien.vanstaevel/CMakeFiles/CMakeTmp'



Determining if the include file sys/uio.h exists passed with the following output:
Change Dir: /home/odyce/Epitech_Projects/R-Type/B-CPP-500-LIL-5-1-rtype-maximilien.vanstaevel/CMakeFiles/CMakeTmp

Run Build Command(s):/usr/bin/gmake -f Makefile cmTC_26c48/fast && /usr/bin/gmake  -f CMakeFiles/cmTC_26c48.dir/build.make CMakeFiles/cmTC_26c48.dir/build
gmake[1]: Entering directory '/home/odyce/Epitech_Projects/R-Type/B-CPP-500-LIL-5-1-rtype-maximilien.vanstaevel/CMakeFiles/CMakeTmp'
Building C object CMakeFiles/cmTC_26c48.dir/CheckIncludeFile.c.o
/usr/bin/cc    -o CMakeFiles/cmTC_26c48.dir/CheckIncludeFile.c.o -c /home/odyce/Epitech_Projects/R-Type/B-CPP-500-LIL-5-1-rtype-maximilien.vanstaevel/CMakeFiles/CMakeTmp/CheckIncludeFile.c
Linking C executable cmTC_26c48
/home/odyce/Downloads/clion-2021.3.4/bin/cmake/linux/bin/cmake -E cmake_link_script CMakeFiles/cmTC_26c48.dir/link.txt --verbose=1
/usr/bin/cc -rdynamic CMakeFiles/cmTC_26c48.dir/CheckIncludeFile.c.o -o cmTC_26c48 
gmake[1]: Leaving directory '/home/odyce/Epitech_Projects/R-Type/B-CPP-500-LIL-5-1-rtype-maximilien.vanstaevel/CMakeFiles/CMakeTmp'



Determining if the include file unistd.h exists passed with the following output:
Change Dir: /home/odyce/Epitech_Projects/R-Type/B-CPP-500-LIL-5-1-rtype-maximilien.vanstaevel/CMakeFiles/CMakeTmp

Run Build Command(s):/usr/bin/gmake -f Makefile cmTC_1275e/fast && /usr/bin/gmake  -f CMakeFiles/cmTC_1275e.dir/build.make CMakeFiles/cmTC_1275e.dir/build
gmake[1]: Entering directory '/home/odyce/Epitech_Projects/R-Type/B-CPP-500-LIL-5-1-rtype-maximilien.vanstaevel/CMakeFiles/CMakeTmp'
Building C object CMakeFiles/cmTC_1275e.dir/CheckIncludeFile.c.o
/usr/bin/cc    -o CMakeFiles/cmTC_1275e.dir/CheckIncludeFile.c.o -c /home/odyce/Epitech_Projects/R-Type/B-CPP-500-LIL-5-1-rtype-maximilien.vanstaevel/CMakeFiles/CMakeTmp/CheckIncludeFile.c
Linking C executable cmTC_1275e
/home/odyce/Downloads/clion-2021.3.4/bin/cmake/linux/bin/cmake -E cmake_link_script CMakeFiles/cmTC_1275e.dir/link.txt --verbose=1
/usr/bin/cc -rdynamic CMakeFiles/cmTC_1275e.dir/CheckIncludeFile.c.o -o cmTC_1275e 
gmake[1]: Leaving directory '/home/odyce/Epitech_Projects/R-Type/B-CPP-500-LIL-5-1-rtype-maximilien.vanstaevel/CMakeFiles/CMakeTmp'



Determining if the function zlibVersion exists in the z passed with the following output:
Change Dir: /home/odyce/Epitech_Projects/R-Type/B-CPP-500-LIL-5-1-rtype-maximilien.vanstaevel/CMakeFiles/CMakeTmp

Run Build Command(s):/usr/bin/gmake -f Makefile cmTC_49147/fast && /usr/bin/gmake  -f CMakeFiles/cmTC_49147.dir/build.make CMakeFiles/cmTC_49147.dir/build
gmake[1]: Entering directory '/home/odyce/Epitech_Projects/R-Type/B-CPP-500-LIL-5-1-rtype-maximilien.vanstaevel/CMakeFiles/CMakeTmp'
Building C object CMakeFiles/cmTC_49147.dir/CheckFunctionExists.c.o
/usr/bin/cc   -DCHECK_FUNCTION_EXISTS=zlibVersion -o CMakeFiles/cmTC_49147.dir/CheckFunctionExists.c.o -c /home/odyce/Downloads/clion-2021.3.4/bin/cmake/linux/share/cmake-3.22/Modules/CheckFunctionExists.c
Linking C executable cmTC_49147
/home/odyce/Downloads/clion-2021.3.4/bin/cmake/linux/bin/cmake -E cmake_link_script CMakeFiles/cmTC_49147.dir/link.txt --verbose=1
/usr/bin/cc  -DCHECK_FUNCTION_EXISTS=zlibVersion CMakeFiles/cmTC_49147.dir/CheckFunctionExists.c.o -o cmTC_49147  -lz 
gmake[1]: Leaving directory '/home/odyce/Epitech_Projects/R-Type/B-CPP-500-LIL-5-1-rtype-maximilien.vanstaevel/CMakeFiles/CMakeTmp'



Performing C++ SOURCE FILE Test HAVE_CLANG_MAVX succeeded with the following output:
Change Dir: /home/odyce/Epitech_Projects/R-Type/B-CPP-500-LIL-5-1-rtype-maximilien.vanstaevel/CMakeFiles/CMakeTmp

Run Build Command(s):/usr/bin/gmake -f Makefile cmTC_27b5b/fast && /usr/bin/gmake  -f CMakeFiles/cmTC_27b5b.dir/build.make CMakeFiles/cmTC_27b5b.dir/build
gmake[1]: Entering directory '/home/odyce/Epitech_Projects/R-Type/B-CPP-500-LIL-5-1-rtype-maximilien.vanstaevel/CMakeFiles/CMakeTmp'
Building CXX object CMakeFiles/cmTC_27b5b.dir/src.cxx.o
/usr/bin/c++ -DHAVE_CLANG_MAVX  -Wall -Wextra -Wno-sign-compare -fno-exceptions -fno-rtti    -mavx -o CMakeFiles/cmTC_27b5b.dir/src.cxx.o -c /home/odyce/Epitech_Projects/R-Type/B-CPP-500-LIL-5-1-rtype-maximilien.vanstaevel/CMakeFiles/CMakeTmp/src.cxx
Linking CXX executable cmTC_27b5b
/home/odyce/Downloads/clion-2021.3.4/bin/cmake/linux/bin/cmake -E cmake_link_script CMakeFiles/cmTC_27b5b.dir/link.txt --verbose=1
/usr/bin/c++  -Wall -Wextra -Wno-sign-compare -fno-exceptions -fno-rtti  -rdynamic CMakeFiles/cmTC_27b5b.dir/src.cxx.o -o cmTC_27b5b 
gmake[1]: Leaving directory '/home/odyce/Epitech_Projects/R-Type/B-CPP-500-LIL-5-1-rtype-maximilien.vanstaevel/CMakeFiles/CMakeTmp'


Source file was:
int main() { return 0; }
Performing C++ SOURCE FILE Test HAVE_CLANG_MBMI2 succeeded with the following output:
Change Dir: /home/odyce/Epitech_Projects/R-Type/B-CPP-500-LIL-5-1-rtype-maximilien.vanstaevel/CMakeFiles/CMakeTmp

Run Build Command(s):/usr/bin/gmake -f Makefile cmTC_7cfa9/fast && /usr/bin/gmake  -f CMakeFiles/cmTC_7cfa9.dir/build.make CMakeFiles/cmTC_7cfa9.dir/build
gmake[1]: Entering directory '/home/odyce/Epitech_Projects/R-Type/B-CPP-500-LIL-5-1-rtype-maximilien.vanstaevel/CMakeFiles/CMakeTmp'
Building CXX object CMakeFiles/cmTC_7cfa9.dir/src.cxx.o
/usr/bin/c++ -DHAVE_CLANG_MBMI2  -Wall -Wextra -Wno-sign-compare -fno-exceptions -fno-rtti    -mbmi2 -o CMakeFiles/cmTC_7cfa9.dir/src.cxx.o -c /home/odyce/Epitech_Projects/R-Type/B-CPP-500-LIL-5-1-rtype-maximilien.vanstaevel/CMakeFiles/CMakeTmp/src.cxx
Linking CXX executable cmTC_7cfa9
/home/odyce/Downloads/clion-2021.3.4/bin/cmake/linux/bin/cmake -E cmake_link_script CMakeFiles/cmTC_7cfa9.dir/link.txt --verbose=1
/usr/bin/c++  -Wall -Wextra -Wno-sign-compare -fno-exceptions -fno-rtti  -rdynamic CMakeFiles/cmTC_7cfa9.dir/src.cxx.o -o cmTC_7cfa9 
gmake[1]: Leaving directory '/home/odyce/Epitech_Projects/R-Type/B-CPP-500-LIL-5-1-rtype-maximilien.vanstaevel/CMakeFiles/CMakeTmp'


Source file was:
int main() { return 0; }
Performing C++ SOURCE FILE Test SNAPPY_HAVE_NO_MISSING_FIELD_INITIALIZERS succeeded with the following output:
Change Dir: /home/odyce/Epitech_Projects/R-Type/B-CPP-500-LIL-5-1-rtype-maximilien.vanstaevel/CMakeFiles/CMakeTmp

Run Build Command(s):/usr/bin/gmake -f Makefile cmTC_ec42d/fast && /usr/bin/gmake  -f CMakeFiles/cmTC_ec42d.dir/build.make CMakeFiles/cmTC_ec42d.dir/build
gmake[1]: Entering directory '/home/odyce/Epitech_Projects/R-Type/B-CPP-500-LIL-5-1-rtype-maximilien.vanstaevel/CMakeFiles/CMakeTmp'
Building CXX object CMakeFiles/cmTC_ec42d.dir/src.cxx.o
/usr/bin/c++ -DSNAPPY_HAVE_NO_MISSING_FIELD_INITIALIZERS  -Wall -Wextra -Wno-sign-compare -fno-exceptions -fno-rtti    -Wno-missing-field-initializers -o CMakeFiles/cmTC_ec42d.dir/src.cxx.o -c /home/odyce/Epitech_Projects/R-Type/B-CPP-500-LIL-5-1-rtype-maximilien.vanstaevel/CMakeFiles/CMakeTmp/src.cxx
Linking CXX executable cmTC_ec42d
/home/odyce/Downloads/clion-2021.3.4/bin/cmake/linux/bin/cmake -E cmake_link_script CMakeFiles/cmTC_ec42d.dir/link.txt --verbose=1
/usr/bin/c++  -Wall -Wextra -Wno-sign-compare -fno-exceptions -fno-rtti  -rdynamic CMakeFiles/cmTC_ec42d.dir/src.cxx.o -o cmTC_ec42d 
gmake[1]: Leaving directory '/home/odyce/Epitech_Projects/R-Type/B-CPP-500-LIL-5-1-rtype-maximilien.vanstaevel/CMakeFiles/CMakeTmp'


Source file was:
int main() { return 0; }
Performing C++ SOURCE FILE Test SNAPPY_HAVE_NO_IMPLICIT_INT_FLOAT_CONVERSION succeeded with the following output:
Change Dir: /home/odyce/Epitech_Projects/R-Type/B-CPP-500-LIL-5-1-rtype-maximilien.vanstaevel/CMakeFiles/CMakeTmp

Run Build Command(s):/usr/bin/gmake -f Makefile cmTC_cf9fd/fast && /usr/bin/gmake  -f CMakeFiles/cmTC_cf9fd.dir/build.make CMakeFiles/cmTC_cf9fd.dir/build
gmake[1]: Entering directory '/home/odyce/Epitech_Projects/R-Type/B-CPP-500-LIL-5-1-rtype-maximilien.vanstaevel/CMakeFiles/CMakeTmp'
Building CXX object CMakeFiles/cmTC_cf9fd.dir/src.cxx.o
/usr/bin/c++ -DSNAPPY_HAVE_NO_IMPLICIT_INT_FLOAT_CONVERSION  -Wall -Wextra -Wno-sign-compare -fno-exceptions -fno-rtti    -Wno-implicit-int-float-conversion -o CMakeFiles/cmTC_cf9fd.dir/src.cxx.o -c /home/odyce/Epitech_Projects/R-Type/B-CPP-500-LIL-5-1-rtype-maximilien.vanstaevel/CMakeFiles/CMakeTmp/src.cxx
Linking CXX executable cmTC_cf9fd
/home/odyce/Downloads/clion-2021.3.4/bin/cmake/linux/bin/cmake -E cmake_link_script CMakeFiles/cmTC_cf9fd.dir/link.txt --verbose=1
/usr/bin/c++  -Wall -Wextra -Wno-sign-compare -fno-exceptions -fno-rtti  -rdynamic CMakeFiles/cmTC_cf9fd.dir/src.cxx.o -o cmTC_cf9fd 
gmake[1]: Leaving directory '/home/odyce/Epitech_Projects/R-Type/B-CPP-500-LIL-5-1-rtype-maximilien.vanstaevel/CMakeFiles/CMakeTmp'


Source file was:
int main() { return 0; }
Performing C++ SOURCE FILE Test HAVE_BUILTIN_EXPECT succeeded with the following output:
Change Dir: /home/odyce/Epitech_Projects/R-Type/B-CPP-500-LIL-5-1-rtype-maximilien.vanstaevel/CMakeFiles/CMakeTmp

Run Build Command(s):/usr/bin/gmake -f Makefile cmTC_22a5d/fast && /usr/bin/gmake  -f CMakeFiles/cmTC_22a5d.dir/build.make CMakeFiles/cmTC_22a5d.dir/build
gmake[1]: Entering directory '/home/odyce/Epitech_Projects/R-Type/B-CPP-500-LIL-5-1-rtype-maximilien.vanstaevel/CMakeFiles/CMakeTmp'
Building CXX object CMakeFiles/cmTC_22a5d.dir/src.cxx.o
/usr/bin/c++ -DHAVE_BUILTIN_EXPECT  -Wall -Wextra -Wno-sign-compare -fno-exceptions -fno-rtti  -o CMakeFiles/cmTC_22a5d.dir/src.cxx.o -c /home/odyce/Epitech_Projects/R-Type/B-CPP-500-LIL-5-1-rtype-maximilien.vanstaevel/CMakeFiles/CMakeTmp/src.cxx
Linking CXX executable cmTC_22a5d
/home/odyce/Downloads/clion-2021.3.4/bin/cmake/linux/bin/cmake -E cmake_link_script CMakeFiles/cmTC_22a5d.dir/link.txt --verbose=1
/usr/bin/c++  -Wall -Wextra -Wno-sign-compare -fno-exceptions -fno-rtti  -rdynamic CMakeFiles/cmTC_22a5d.dir/src.cxx.o -o cmTC_22a5d 
gmake[1]: Leaving directory '/home/odyce/Epitech_Projects/R-Type/B-CPP-500-LIL-5-1-rtype-maximilien.vanstaevel/CMakeFiles/CMakeTmp'


Source file was:

int main() {
  return __builtin_expect(0, 1);
}
Performing C++ SOURCE FILE Test HAVE_BUILTIN_CTZ succeeded with the following output:
Change Dir: /home/odyce/Epitech_Projects/R-Type/B-CPP-500-LIL-5-1-rtype-maximilien.vanstaevel/CMakeFiles/CMakeTmp

Run Build Command(s):/usr/bin/gmake -f Makefile cmTC_56800/fast && /usr/bin/gmake  -f CMakeFiles/cmTC_56800.dir/build.make CMakeFiles/cmTC_56800.dir/build
gmake[1]: Entering directory '/home/odyce/Epitech_Projects/R-Type/B-CPP-500-LIL-5-1-rtype-maximilien.vanstaevel/CMakeFiles/CMakeTmp'
Building CXX object CMakeFiles/cmTC_56800.dir/src.cxx.o
/usr/bin/c++ -DHAVE_BUILTIN_CTZ  -Wall -Wextra -Wno-sign-compare -fno-exceptions -fno-rtti  -o CMakeFiles/cmTC_56800.dir/src.cxx.o -c /home/odyce/Epitech_Projects/R-Type/B-CPP-500-LIL-5-1-rtype-maximilien.vanstaevel/CMakeFiles/CMakeTmp/src.cxx
Linking CXX executable cmTC_56800
/home/odyce/Downloads/clion-2021.3.4/bin/cmake/linux/bin/cmake -E cmake_link_script CMakeFiles/cmTC_56800.dir/link.txt --verbose=1
/usr/bin/c++  -Wall -Wextra -Wno-sign-compare -fno-exceptions -fno-rtti  -rdynamic CMakeFiles/cmTC_56800.dir/src.cxx.o -o cmTC_56800 
gmake[1]: Leaving directory '/home/odyce/Epitech_Projects/R-Type/B-CPP-500-LIL-5-1-rtype-maximilien.vanstaevel/CMakeFiles/CMakeTmp'


Source file was:

int main() {
  return __builtin_ctzll(0);
}
Performing C++ SOURCE FILE Test HAVE_BUILTIN_PREFETCH succeeded with the following output:
Change Dir: /home/odyce/Epitech_Projects/R-Type/B-CPP-500-LIL-5-1-rtype-maximilien.vanstaevel/CMakeFiles/CMakeTmp

Run Build Command(s):/usr/bin/gmake -f Makefile cmTC_3df9f/fast && /usr/bin/gmake  -f CMakeFiles/cmTC_3df9f.dir/build.make CMakeFiles/cmTC_3df9f.dir/build
gmake[1]: Entering directory '/home/odyce/Epitech_Projects/R-Type/B-CPP-500-LIL-5-1-rtype-maximilien.vanstaevel/CMakeFiles/CMakeTmp'
Building CXX object CMakeFiles/cmTC_3df9f.dir/src.cxx.o
/usr/bin/c++ -DHAVE_BUILTIN_PREFETCH  -Wall -Wextra -Wno-sign-compare -fno-exceptions -fno-rtti  -o CMakeFiles/cmTC_3df9f.dir/src.cxx.o -c /home/odyce/Epitech_Projects/R-Type/B-CPP-500-LIL-5-1-rtype-maximilien.vanstaevel/CMakeFiles/CMakeTmp/src.cxx
Linking CXX executable cmTC_3df9f
/home/odyce/Downloads/clion-2021.3.4/bin/cmake/linux/bin/cmake -E cmake_link_script CMakeFiles/cmTC_3df9f.dir/link.txt --verbose=1
/usr/bin/c++  -Wall -Wextra -Wno-sign-compare -fno-exceptions -fno-rtti  -rdynamic CMakeFiles/cmTC_3df9f.dir/src.cxx.o -o cmTC_3df9f 
gmake[1]: Leaving directory '/home/odyce/Epitech_Projects/R-Type/B-CPP-500-LIL-5-1-rtype-maximilien.vanstaevel/CMakeFiles/CMakeTmp'


Source file was:

int main() {
  __builtin_prefetch(0, 0, 3);
  return 0;
}
Performing C++ SOURCE FILE Test HAVE_ATTRIBUTE_ALWAYS_INLINE succeeded with the following output:
Change Dir: /home/odyce/Epitech_Projects/R-Type/B-CPP-500-LIL-5-1-rtype-maximilien.vanstaevel/CMakeFiles/CMakeTmp

Run Build Command(s):/usr/bin/gmake -f Makefile cmTC_327b6/fast && /usr/bin/gmake  -f CMakeFiles/cmTC_327b6.dir/build.make CMakeFiles/cmTC_327b6.dir/build
gmake[1]: Entering directory '/home/odyce/Epitech_Projects/R-Type/B-CPP-500-LIL-5-1-rtype-maximilien.vanstaevel/CMakeFiles/CMakeTmp'
Building CXX object CMakeFiles/cmTC_327b6.dir/src.cxx.o
/usr/bin/c++ -DHAVE_ATTRIBUTE_ALWAYS_INLINE  -Wall -Wextra -Wno-sign-compare -fno-exceptions -fno-rtti  -o CMakeFiles/cmTC_327b6.dir/src.cxx.o -c /home/odyce/Epitech_Projects/R-Type/B-CPP-500-LIL-5-1-rtype-maximilien.vanstaevel/CMakeFiles/CMakeTmp/src.cxx
/home/odyce/Epitech_Projects/R-Type/B-CPP-500-LIL-5-1-rtype-maximilien.vanstaevel/CMakeFiles/CMakeTmp/src.cxx:2:36: warning: always_inline function might not be inlinable [-Wattributes]
    2 | __attribute__((always_inline)) int zero() { return 0; }
      |                                    ^~~~
Linking CXX executable cmTC_327b6
/home/odyce/Downloads/clion-2021.3.4/bin/cmake/linux/bin/cmake -E cmake_link_script CMakeFiles/cmTC_327b6.dir/link.txt --verbose=1
/usr/bin/c++  -Wall -Wextra -Wno-sign-compare -fno-exceptions -fno-rtti  -rdynamic CMakeFiles/cmTC_327b6.dir/src.cxx.o -o cmTC_327b6 
gmake[1]: Leaving directory '/home/odyce/Epitech_Projects/R-Type/B-CPP-500-LIL-5-1-rtype-maximilien.vanstaevel/CMakeFiles/CMakeTmp'


Source file was:

__attribute__((always_inline)) int zero() { return 0; }

int main() {
  return zero();
}
Determining if the mmap exist passed with the following output:
Change Dir: /home/odyce/Epitech_Projects/R-Type/B-CPP-500-LIL-5-1-rtype-maximilien.vanstaevel/CMakeFiles/CMakeTmp

Run Build Command(s):/usr/bin/gmake -f Makefile cmTC_a7007/fast && /usr/bin/gmake  -f CMakeFiles/cmTC_a7007.dir/build.make CMakeFiles/cmTC_a7007.dir/build
gmake[1]: Entering directory '/home/odyce/Epitech_Projects/R-Type/B-CPP-500-LIL-5-1-rtype-maximilien.vanstaevel/CMakeFiles/CMakeTmp'
Building C object CMakeFiles/cmTC_a7007.dir/CheckSymbolExists.c.o
/usr/bin/cc    -o CMakeFiles/cmTC_a7007.dir/CheckSymbolExists.c.o -c /home/odyce/Epitech_Projects/R-Type/B-CPP-500-LIL-5-1-rtype-maximilien.vanstaevel/CMakeFiles/CMakeTmp/CheckSymbolExists.c
Linking C executable cmTC_a7007
/home/odyce/Downloads/clion-2021.3.4/bin/cmake/linux/bin/cmake -E cmake_link_script CMakeFiles/cmTC_a7007.dir/link.txt --verbose=1
/usr/bin/cc -rdynamic CMakeFiles/cmTC_a7007.dir/CheckSymbolExists.c.o -o cmTC_a7007 
gmake[1]: Leaving directory '/home/odyce/Epitech_Projects/R-Type/B-CPP-500-LIL-5-1-rtype-maximilien.vanstaevel/CMakeFiles/CMakeTmp'


File /home/odyce/Epitech_Projects/R-Type/B-CPP-500-LIL-5-1-rtype-maximilien.vanstaevel/CMakeFiles/CMakeTmp/CheckSymbolExists.c:
/* */
#include <sys/mman.h>

int main(int argc, char** argv)
{
  (void)argv;
#ifndef mmap
  return ((int*)(&mmap))[argc];
#else
  (void)argc;
  return 0;
#endif
}
Determining if the sysconf exist passed with the following output:
Change Dir: /home/odyce/Epitech_Projects/R-Type/B-CPP-500-LIL-5-1-rtype-maximilien.vanstaevel/CMakeFiles/CMakeTmp

Run Build Command(s):/usr/bin/gmake -f Makefile cmTC_777b0/fast && /usr/bin/gmake  -f CMakeFiles/cmTC_777b0.dir/build.make CMakeFiles/cmTC_777b0.dir/build
gmake[1]: Entering directory '/home/odyce/Epitech_Projects/R-Type/B-CPP-500-LIL-5-1-rtype-maximilien.vanstaevel/CMakeFiles/CMakeTmp'
Building C object CMakeFiles/cmTC_777b0.dir/CheckSymbolExists.c.o
/usr/bin/cc    -o CMakeFiles/cmTC_777b0.dir/CheckSymbolExists.c.o -c /home/odyce/Epitech_Projects/R-Type/B-CPP-500-LIL-5-1-rtype-maximilien.vanstaevel/CMakeFiles/CMakeTmp/CheckSymbolExists.c
Linking C executable cmTC_777b0
/home/odyce/Downloads/clion-2021.3.4/bin/cmake/linux/bin/cmake -E cmake_link_script CMakeFiles/cmTC_777b0.dir/link.txt --verbose=1
/usr/bin/cc -rdynamic CMakeFiles/cmTC_777b0.dir/CheckSymbolExists.c.o -o cmTC_777b0 
gmake[1]: Leaving directory '/home/odyce/Epitech_Projects/R-Type/B-CPP-500-LIL-5-1-rtype-maximilien.vanstaevel/CMakeFiles/CMakeTmp'


File /home/odyce/Epitech_Projects/R-Type/B-CPP-500-LIL-5-1-rtype-maximilien.vanstaevel/CMakeFiles/CMakeTmp/CheckSymbolExists.c:
/* */
#include <unistd.h>

int main(int argc, char** argv)
{
  (void)argv;
#ifndef sysconf
  return ((int*)(&sysconf))[argc];
#else
  (void)argc;
  return 0;
#endif
}
